#
# A fatal error has been detected by the Java Runtime Environment:
#
#  EXCEPTION_ACCESS_VIOLATION (0xc0000005) at pc=0x00007ff85e2af3c2, pid=9012, tid=0x0000000000004a0c
#
# JRE version: Java(TM) SE Runtime Environment (8.0_211-b12) (build 1.8.0_211-b12)
# Java VM: Java HotSpot(TM) 64-Bit Server VM (25.211-b12 mixed mode windows-amd64 compressed oops)
# Problematic frame:
# C  [DUI70.dll+0x1f3c2]
#
# Failed to write core dump. Minidumps are not enabled by default on client versions of Windows
#
# If you would like to submit a bug report, please visit:
#   http://bugreport.java.com/bugreport/crash.jsp
# The crash happened outside the Java Virtual Machine in native code.
# See problematic frame for where to report the bug.
#

---------------  T H R E A D  ---------------

Current thread (0x00000000032a3800):  JavaThread "main" [_thread_in_native, id=18956, stack(0x0000000002fc0000,0x00000000030c0000)]

siginfo: ExceptionCode=0xc0000005, reading address 0x0000000000000008

Registers:
RAX=0x000000000000003f, RBX=0x00007ff85e3b13c0, RCX=0x0000000000000009, RDX=0x00007ff85e290000
RSP=0x00000000030ba020, RBP=0x0000000000000000, RSI=0x00007ff85e396430, RDI=0x00000000030ba100
R8 =0x0000000000200000, R9 =0x0000000000000001, R10=0x0000000000008000, R11=0x00000000030ba050
R12=0x0000000000000000, R13=0x0000000036e980e0, R14=0x0000000000000000, R15=0x0000000000000000
RIP=0x00007ff85e2af3c2, EFLAGS=0x0000000000010246

Top of Stack: (sp=0x00000000030ba020)
0x00000000030ba020:   0000000036f84e48 00000000391fb8b0
0x00000000030ba030:   00000000370fbad0 000000002f008640
0x00000000030ba040:   0000000000000000 00000000370337c0
0x00000000030ba050:   0000000000000002 00000000030ba100
0x00000000030ba060:   0000000036e980e0 00007ff85e2aa80e
0x00000000030ba070:   0000000000000000 0000000036e980e0
0x00000000030ba080:   0000000000000000 0000000000d50000
0x00000000030ba090:   00000000030ba200 0000000000000000
0x00000000030ba0a0:   0000000000000000 0000000000000000
0x00000000030ba0b0:   0000000036e980e0 00007ff879314893
0x00000000030ba0c0:   000000002effe5c0 000000002effe5c0
0x00000000030ba0d0:   0000000036e980e0 0000000000000000
0x00000000030ba0e0:   0000000000000002 0000000036e980e0
0x00000000030ba0f0:   0000000036e980e0 00007ff879379911
0x00000000030ba100:   0000000000000000 000000002effe7f0
0x00000000030ba110:   00000000030ba200 0000000036e980e0 

Instructions: (pc=0x00007ff85e2af3c2)
0x00007ff85e2af3a2:   71 0e 00 48 8b 1b 48 85 db 0f 84 09 2b 03 00 8b
0x00007ff85e2af3b2:   03 83 e0 3f 3c 3f 0f 85 e8 01 00 00 4d 8b 7d 20
0x00007ff85e2af3c2:   49 83 7f 08 00 74 47 41 8b 3f 41 8b de 83 ef 01
0x00007ff85e2af3d2:   78 3c 8d 04 1f 99 2b c2 d1 f8 48 63 e8 4c 8b f5 


Register to memory mapping:

RAX=0x000000000000003f is an unknown value
RBX=0x00007ff85e3b13c0 is an unknown value
RCX=0x0000000000000009 is an unknown value
RDX=0x00007ff85e290000 is an unknown value
RSP=0x00000000030ba020 is pointing into the stack for thread: 0x00000000032a3800
RBP=0x0000000000000000 is an unknown value
RSI=0x00007ff85e396430 is an unknown value
RDI=0x00000000030ba100 is pointing into the stack for thread: 0x00000000032a3800
R8 =0x0000000000200000 is an unknown value
R9 =0x0000000000000001 is an unknown value
R10=0x0000000000008000 is an unknown value
R11=0x00000000030ba050 is pointing into the stack for thread: 0x00000000032a3800
R12=0x0000000000000000 is an unknown value
R13=0x0000000036e980e0 is an unknown value
R14=0x0000000000000000 is an unknown value
R15=0x0000000000000000 is an unknown value


Stack: [0x0000000002fc0000,0x00000000030c0000],  sp=0x00000000030ba020,  free space=1000k
Native frames: (J=compiled Java code, j=interpreted, Vv=VM code, C=native code)

Java frames: (J=compiled Java code, j=interpreted, Vv=VM code)
j  org.eclipse.swt.internal.win32.OS.GetOpenFileName(Lorg/eclipse/swt/internal/win32/OPENFILENAME;)Z+0
j  org.eclipse.swt.widgets.FileDialog.open()Ljava/lang/String;+848
j  org.eclipse.jdt.ui.wizards.BuildPathDialogAccess.chooseExternalJAREntries(Lorg/eclipse/swt/widgets/Shell;)[Lorg/eclipse/core/runtime/IPath;+55
j  org.eclipse.jdt.internal.ui.wizards.buildpaths.LibrariesWorkbookPage.openExtJarFileDialog(Lorg/eclipse/jdt/internal/ui/wizards/buildpaths/CPListElement;)[Lorg/eclipse/jdt/internal/ui/wizards/buildpaths/CPListElement;+8
j  org.eclipse.jdt.internal.ui.wizards.buildpaths.LibrariesWorkbookPage.libaryPageCustomButtonPressed(Lorg/eclipse/jdt/internal/ui/wizards/dialogfields/DialogField;I)V+71
j  org.eclipse.jdt.internal.ui.wizards.buildpaths.LibrariesWorkbookPage.access$0(Lorg/eclipse/jdt/internal/ui/wizards/buildpaths/LibrariesWorkbookPage;Lorg/eclipse/jdt/internal/ui/wizards/dialogfields/DialogField;I)V+3
j  org.eclipse.jdt.internal.ui.wizards.buildpaths.LibrariesWorkbookPage$LibrariesAdapter.customButtonPressed(Lorg/eclipse/jdt/internal/ui/wizards/dialogfields/TreeListDialogField;I)V+6
j  org.eclipse.jdt.internal.ui.wizards.dialogfields.TreeListDialogField.buttonPressed(I)V+21
j  org.eclipse.jdt.internal.ui.wizards.dialogfields.TreeListDialogField.doButtonSelected(Lorg/eclipse/swt/events/SelectionEvent;)V+27
j  org.eclipse.jdt.internal.ui.wizards.dialogfields.TreeListDialogField.access$2(Lorg/eclipse/jdt/internal/ui/wizards/dialogfields/TreeListDialogField;Lorg/eclipse/swt/events/SelectionEvent;)V+2
j  org.eclipse.jdt.internal.ui.wizards.dialogfields.TreeListDialogField$2.widgetSelected(Lorg/eclipse/swt/events/SelectionEvent;)V+5
J 14990 C1 org.eclipse.swt.widgets.TypedListener.handleEvent(Lorg/eclipse/swt/widgets/Event;)V (1291 bytes) @ 0x0000000005fd95c4 [0x0000000005fd5200+0x43c4]
J 32496 C2 org.eclipse.swt.widgets.EventTable.sendEvent(Lorg/eclipse/swt/widgets/Event;)V (592 bytes) @ 0x0000000007710494 [0x00000000077103e0+0xb4]
J 36404 C2 org.eclipse.swt.widgets.Display.readAndDispatch()Z (94 bytes) @ 0x0000000009f5a36c [0x0000000009f59fe0+0x38c]
j  org.eclipse.jface.window.Window.runEventLoop(Lorg/eclipse/swt/widgets/Shell;)V+23
j  org.eclipse.jface.window.Window.open()I+49
j  org.eclipse.ui.dialogs.PropertyDialogAction.run()V+10
j  org.eclipse.jface.action.Action.runWithEvent(Lorg/eclipse/swt/widgets/Event;)V+1
j  org.eclipse.jface.action.ActionContributionItem.handleWidgetSelection(Lorg/eclipse/swt/widgets/Event;Z)V+352
J 33267 C1 org.eclipse.jface.action.ActionContributionItem.lambda$4(Lorg/eclipse/swt/widgets/Event;)V (58 bytes) @ 0x00000000091221dc [0x0000000009121fe0+0x1fc]
J 33266 C1 org.eclipse.jface.action.ActionContributionItem$$Lambda$237.handleEvent(Lorg/eclipse/swt/widgets/Event;)V (9 bytes) @ 0x00000000067b71c4 [0x00000000067b7140+0x84]
J 32496 C2 org.eclipse.swt.widgets.EventTable.sendEvent(Lorg/eclipse/swt/widgets/Event;)V (592 bytes) @ 0x0000000007710494 [0x00000000077103e0+0xb4]
J 32228 C2 org.eclipse.swt.widgets.Display.sendEvent(Lorg/eclipse/swt/widgets/EventTable;Lorg/eclipse/swt/widgets/Event;)V (34 bytes) @ 0x000000000909783c [0x0000000009097700+0x13c]
J 10263 C1 org.eclipse.swt.widgets.Display.runDeferredEvents()Z (109 bytes) @ 0x0000000003ae3614 [0x0000000003ae2e00+0x814]
J 35766 C1 org.eclipse.swt.widgets.Display.readAndDispatch()Z (94 bytes) @ 0x0000000007895a44 [0x0000000007895440+0x604]
j  org.eclipse.e4.ui.internal.workbench.swt.PartRenderingEngine$5.run()V+564
j  org.eclipse.core.databinding.observable.Realm.runWithDefault(Lorg/eclipse/core/databinding/observable/Realm;Ljava/lang/Runnable;)V+12
j  org.eclipse.e4.ui.internal.workbench.swt.PartRenderingEngine.run(Lorg/eclipse/e4/ui/model/application/MApplicationElement;Lorg/eclipse/e4/core/contexts/IEclipseContext;)Ljava/lang/Object;+57
j  org.eclipse.e4.ui.internal.workbench.E4Workbench.createAndRunUI(Lorg/eclipse/e4/ui/model/application/MApplicationElement;)V+20
j  org.eclipse.ui.internal.Workbench.lambda$3(Lorg/eclipse/swt/widgets/Display;Lorg/eclipse/ui/application/WorkbenchAdvisor;[I)V+379
j  org.eclipse.ui.internal.Workbench$$Lambda$25.run()V+12
j  org.eclipse.core.databinding.observable.Realm.runWithDefault(Lorg/eclipse/core/databinding/observable/Realm;Ljava/lang/Runnable;)V+12
j  org.eclipse.ui.internal.Workbench.createAndRunWorkbench(Lorg/eclipse/swt/widgets/Display;Lorg/eclipse/ui/application/WorkbenchAdvisor;)I+16
j  org.eclipse.ui.PlatformUI.createAndRunWorkbench(Lorg/eclipse/swt/widgets/Display;Lorg/eclipse/ui/application/WorkbenchAdvisor;)I+2
j  org.eclipse.ui.internal.ide.application.IDEApplication.start(Lorg/eclipse/equinox/app/IApplicationContext;)Ljava/lang/Object;+113
j  org.eclipse.equinox.internal.app.EclipseAppHandle.run(Ljava/lang/Object;)Ljava/lang/Object;+135
j  org.eclipse.core.runtime.internal.adaptor.EclipseAppLauncher.runApplication(Ljava/lang/Object;)Ljava/lang/Object;+85
j  org.eclipse.core.runtime.internal.adaptor.EclipseAppLauncher.start(Ljava/lang/Object;)Ljava/lang/Object;+82
j  org.eclipse.core.runtime.adaptor.EclipseStarter.run(Ljava/lang/Object;)Ljava/lang/Object;+105
j  org.eclipse.core.runtime.adaptor.EclipseStarter.run([Ljava/lang/String;Ljava/lang/Runnable;)Ljava/lang/Object;+132
v  ~StubRoutines::call_stub
j  sun.reflect.NativeMethodAccessorImpl.invoke0(Ljava/lang/reflect/Method;Ljava/lang/Object;[Ljava/lang/Object;)Ljava/lang/Object;+0
j  sun.reflect.NativeMethodAccessorImpl.invoke(Ljava/lang/Object;[Ljava/lang/Object;)Ljava/lang/Object;+100
j  sun.reflect.DelegatingMethodAccessorImpl.invoke(Ljava/lang/Object;[Ljava/lang/Object;)Ljava/lang/Object;+6
j  java.lang.reflect.Method.invoke(Ljava/lang/Object;[Ljava/lang/Object;)Ljava/lang/Object;+56
j  org.eclipse.equinox.launcher.Main.invokeFramework([Ljava/lang/String;[Ljava/net/URL;)V+201
j  org.eclipse.equinox.launcher.Main.basicRun([Ljava/lang/String;)V+157
j  org.eclipse.equinox.launcher.Main.run([Ljava/lang/String;)I+4
j  org.eclipse.equinox.launcher.Main.main([Ljava/lang/String;)V+10
v  ~StubRoutines::call_stub

---------------  P R O C E S S  ---------------

Java Threads: ( => current thread )
  0x000000001bb9c000 JavaThread "com.google.inject.internal.util.$Finalizer" daemon [_thread_blocked, id=9656, stack(0x0000000039ae0000,0x0000000039be0000)]
  0x0000000020102800 JavaThread "Worker-30" [_thread_blocked, id=21064, stack(0x0000000038810000,0x0000000038910000)]
  0x000000001bb9f000 JavaThread "JavaScript indexing" daemon [_thread_blocked, id=12540, stack(0x0000000037a60000,0x0000000037b60000)]
  0x000000001bb9d800 JavaThread "Worker-26" [_thread_blocked, id=8604, stack(0x0000000037660000,0x0000000037760000)]
  0x0000000020106000 JavaThread "Thread-12" [_thread_blocked, id=23252, stack(0x00000000302b0000,0x00000000303b0000)]
  0x0000000020108800 JavaThread "Provisioning Event Dispatcher" daemon [_thread_blocked, id=23744, stack(0x0000000030660000,0x0000000030760000)]
  0x000000001bb9b000 JavaThread "EventAdmin Async Event Dispatcher Thread" daemon [_thread_blocked, id=21540, stack(0x000000002a5e0000,0x000000002a6e0000)]
  0x000000001c728000 JavaThread "Java indexing" daemon [_thread_blocked, id=19184, stack(0x00000000265b0000,0x00000000266b0000)]
  0x000000001c72b000 JavaThread "Gogo shell" [_thread_blocked, id=6628, stack(0x0000000021cc0000,0x0000000021dc0000)]
  0x000000001c729800 JavaThread "Thread-4" daemon [_thread_blocked, id=5832, stack(0x0000000021bc0000,0x0000000021cc0000)]
  0x000000001c72a000 JavaThread "EMF Reference Cleaner" daemon [_thread_blocked, id=20908, stack(0x000000001f6c0000,0x000000001f7c0000)]
  0x000000001b9de800 JavaThread "Worker-JM" [_thread_blocked, id=17556, stack(0x000000001f4b0000,0x000000001f5b0000)]
  0x000000001c096800 JavaThread "SCR Component Actor" daemon [_thread_blocked, id=23604, stack(0x0000000001120000,0x0000000001220000)]
  0x000000001c197800 JavaThread "Start Level: Equinox Container: 42e1996e-0356-4864-acdf-efdb3e3c9952" daemon [_thread_blocked, id=21908, stack(0x0000000001020000,0x0000000001120000)]
  0x000000001ae23000 JavaThread "Framework Event Dispatcher: Equinox Container: 42e1996e-0356-4864-acdf-efdb3e3c9952" daemon [_thread_blocked, id=12536, stack(0x0000000000f20000,0x0000000001020000)]
  0x000000001b044000 JavaThread "Bundle File Closer" daemon [_thread_blocked, id=3160, stack(0x000000001dee0000,0x000000001dfe0000)]
  0x000000001bfc1000 JavaThread "Active Thread: Equinox Container: 42e1996e-0356-4864-acdf-efdb3e3c9952" [_thread_blocked, id=3500, stack(0x000000001dbe0000,0x000000001dce0000)]
  0x0000000019a23800 JavaThread "Service Thread" daemon [_thread_blocked, id=21868, stack(0x000000001b570000,0x000000001b670000)]
  0x0000000019a5c000 JavaThread "C1 CompilerThread3" daemon [_thread_blocked, id=3516, stack(0x000000001ac70000,0x000000001ad70000)]
  0x00000000199d9000 JavaThread "C2 CompilerThread2" daemon [_thread_blocked, id=21960, stack(0x000000001ab70000,0x000000001ac70000)]
  0x00000000199d8000 JavaThread "C2 CompilerThread1" daemon [_thread_in_native, id=16324, stack(0x000000001aa70000,0x000000001ab70000)]
  0x00000000199cb000 JavaThread "C2 CompilerThread0" daemon [_thread_in_native, id=9608, stack(0x000000001a970000,0x000000001aa70000)]
  0x000000001996f800 JavaThread "Attach Listener" daemon [_thread_blocked, id=22700, stack(0x000000001a870000,0x000000001a970000)]
  0x000000001996e800 JavaThread "Signal Dispatcher" daemon [_thread_blocked, id=23924, stack(0x000000001a770000,0x000000001a870000)]
  0x000000001996a000 JavaThread "Surrogate Locker Thread (Concurrent GC)" daemon [_thread_blocked, id=984, stack(0x000000001a670000,0x000000001a770000)]
  0x00000000198e0800 JavaThread "Finalizer" daemon [_thread_blocked, id=5864, stack(0x000000001a570000,0x000000001a670000)]
  0x00000000198d8800 JavaThread "Reference Handler" daemon [_thread_blocked, id=22788, stack(0x000000001a470000,0x000000001a570000)]
=>0x00000000032a3800 JavaThread "main" [_thread_in_native, id=18956, stack(0x0000000002fc0000,0x00000000030c0000)]

Other Threads:
  0x00000000198d0000 VMThread [stack: 0x000000001a370000,0x000000001a470000] [id=6160]
  0x000000001b04c800 WatcherThread [stack: 0x000000001b670000,0x000000001b770000] [id=23280]

VM state:not at safepoint (normal execution)

VM Mutex/Monitor currently owned by a thread: None

heap address: 0x00000000c0000000, size: 1024 MB, Compressed Oops mode: 32-bit
Narrow klass base: 0x0000000000000000, Narrow klass shift: 3
Compressed class space size: 1073741824 Address: 0x0000000100000000

Heap:
 garbage-first heap   total 419840K, used 233600K [0x00000000c0000000, 0x00000000c0100cd0, 0x0000000100000000)
  region size 1024K, 56 young (57344K), 3 survivors (3072K)
 Metaspace       used 202701K, capacity 222806K, committed 224768K, reserved 1245184K
  class space    used 24094K, capacity 29470K, committed 29952K, reserved 1048576K

Heap Regions: (Y=young(eden), SU=young(survivor), HS=humongous(starts), HC=humongous(continues), CS=collection set, F=free, TS=gc time stamp, PTAMS=previous top-at-mark-start, NTAMS=next top-at-mark-start)
AC   0  O    TS     0 PTAMS 0x00000000c0100000 NTAMS 0x00000000c0100000 space 1024K, 100% used [0x00000000c0000000, 0x00000000c0100000)
AC   0  O    TS     0 PTAMS 0x00000000c0200000 NTAMS 0x00000000c0200000 space 1024K, 100% used [0x00000000c0100000, 0x00000000c0200000)
AC   0  O    TS     0 PTAMS 0x00000000c0300000 NTAMS 0x00000000c0300000 space 1024K, 100% used [0x00000000c0200000, 0x00000000c0300000)
AC   0  O    TS     0 PTAMS 0x00000000c0400000 NTAMS 0x00000000c0400000 space 1024K, 100% used [0x00000000c0300000, 0x00000000c0400000)
AC   0  O    TS     0 PTAMS 0x00000000c0500000 NTAMS 0x00000000c0500000 space 1024K, 100% used [0x00000000c0400000, 0x00000000c0500000)
AC   0  O    TS     0 PTAMS 0x00000000c0600000 NTAMS 0x00000000c0600000 space 1024K, 100% used [0x00000000c0500000, 0x00000000c0600000)
AC   0  O    TS     0 PTAMS 0x00000000c0700000 NTAMS 0x00000000c0700000 space 1024K, 100% used [0x00000000c0600000, 0x00000000c0700000)
AC   0  O    TS     0 PTAMS 0x00000000c0800000 NTAMS 0x00000000c0800000 space 1024K, 100% used [0x00000000c0700000, 0x00000000c0800000)
AC   0  O    TS     0 PTAMS 0x00000000c0900000 NTAMS 0x00000000c0900000 space 1024K, 100% used [0x00000000c0800000, 0x00000000c0900000)
AC   0  O    TS     0 PTAMS 0x00000000c0a00000 NTAMS 0x00000000c0a00000 space 1024K, 100% used [0x00000000c0900000, 0x00000000c0a00000)
AC   0  O    TS     0 PTAMS 0x00000000c0b00000 NTAMS 0x00000000c0b00000 space 1024K, 100% used [0x00000000c0a00000, 0x00000000c0b00000)
AC   0  O    TS     0 PTAMS 0x00000000c0c00000 NTAMS 0x00000000c0c00000 space 1024K, 100% used [0x00000000c0b00000, 0x00000000c0c00000)
AC   0  O    TS     0 PTAMS 0x00000000c0d00000 NTAMS 0x00000000c0d00000 space 1024K, 100% used [0x00000000c0c00000, 0x00000000c0d00000)
AC   0  O    TS     0 PTAMS 0x00000000c0e00000 NTAMS 0x00000000c0e00000 space 1024K, 100% used [0x00000000c0d00000, 0x00000000c0e00000)
AC   0  O    TS     0 PTAMS 0x00000000c0f00000 NTAMS 0x00000000c0f00000 space 1024K, 100% used [0x00000000c0e00000, 0x00000000c0f00000)
AC   0  O    TS     0 PTAMS 0x00000000c1000000 NTAMS 0x00000000c1000000 space 1024K, 100% used [0x00000000c0f00000, 0x00000000c1000000)
AC   0  O    TS     0 PTAMS 0x00000000c1100000 NTAMS 0x00000000c1100000 space 1024K, 100% used [0x00000000c1000000, 0x00000000c1100000)
AC   0  O    TS     0 PTAMS 0x00000000c1200000 NTAMS 0x00000000c1200000 space 1024K, 100% used [0x00000000c1100000, 0x00000000c1200000)
AC   0  O    TS     0 PTAMS 0x00000000c1300000 NTAMS 0x00000000c1300000 space 1024K, 100% used [0x00000000c1200000, 0x00000000c1300000)
AC   0  O    TS     0 PTAMS 0x00000000c1400000 NTAMS 0x00000000c1400000 space 1024K, 100% used [0x00000000c1300000, 0x00000000c1400000)
AC   0  O    TS     0 PTAMS 0x00000000c1500000 NTAMS 0x00000000c1500000 space 1024K, 100% used [0x00000000c1400000, 0x00000000c1500000)
AC   0  O    TS     0 PTAMS 0x00000000c1600000 NTAMS 0x00000000c1600000 space 1024K, 100% used [0x00000000c1500000, 0x00000000c1600000)
AC   0  O    TS     0 PTAMS 0x00000000c1700000 NTAMS 0x00000000c1700000 space 1024K, 100% used [0x00000000c1600000, 0x00000000c1700000)
AC   0  O    TS     0 PTAMS 0x00000000c1800000 NTAMS 0x00000000c1800000 space 1024K, 100% used [0x00000000c1700000, 0x00000000c1800000)
AC   0  O    TS     0 PTAMS 0x00000000c1900000 NTAMS 0x00000000c1900000 space 1024K, 100% used [0x00000000c1800000, 0x00000000c1900000)
AC   0  O    TS     0 PTAMS 0x00000000c1a00000 NTAMS 0x00000000c1a00000 space 1024K, 100% used [0x00000000c1900000, 0x00000000c1a00000)
AC   0  O    TS     0 PTAMS 0x00000000c1b00000 NTAMS 0x00000000c1b00000 space 1024K, 100% used [0x00000000c1a00000, 0x00000000c1b00000)
AC   0  O    TS     0 PTAMS 0x00000000c1c00000 NTAMS 0x00000000c1c00000 space 1024K, 100% used [0x00000000c1b00000, 0x00000000c1c00000)
AC   0  O    TS     0 PTAMS 0x00000000c1d00000 NTAMS 0x00000000c1d00000 space 1024K, 100% used [0x00000000c1c00000, 0x00000000c1d00000)
AC   0  O    TS     0 PTAMS 0x00000000c1e00000 NTAMS 0x00000000c1e00000 space 1024K, 100% used [0x00000000c1d00000, 0x00000000c1e00000)
AC   0  O    TS     0 PTAMS 0x00000000c1f00000 NTAMS 0x00000000c1f00000 space 1024K, 100% used [0x00000000c1e00000, 0x00000000c1f00000)
AC   0  O    TS     0 PTAMS 0x00000000c2000000 NTAMS 0x00000000c2000000 space 1024K, 100% used [0x00000000c1f00000, 0x00000000c2000000)
AC   0  O    TS     0 PTAMS 0x00000000c2100000 NTAMS 0x00000000c2100000 space 1024K, 100% used [0x00000000c2000000, 0x00000000c2100000)
AC   0  O    TS     0 PTAMS 0x00000000c2200000 NTAMS 0x00000000c2200000 space 1024K, 100% used [0x00000000c2100000, 0x00000000c2200000)
AC   0  O    TS     0 PTAMS 0x00000000c2300000 NTAMS 0x00000000c2300000 space 1024K, 100% used [0x00000000c2200000, 0x00000000c2300000)
AC   0  O    TS     0 PTAMS 0x00000000c2400000 NTAMS 0x00000000c2400000 space 1024K, 100% used [0x00000000c2300000, 0x00000000c2400000)
AC   0  O    TS     0 PTAMS 0x00000000c2500000 NTAMS 0x00000000c2500000 space 1024K, 100% used [0x00000000c2400000, 0x00000000c2500000)
AC   0  O    TS     0 PTAMS 0x00000000c2600000 NTAMS 0x00000000c2600000 space 1024K, 100% used [0x00000000c2500000, 0x00000000c2600000)
AC   0 HS    TS     0 PTAMS 0x00000000c2680010 NTAMS 0x00000000c2680010 space 1024K,  50% used [0x00000000c2600000, 0x00000000c2700000)
AC   0  O    TS     0 PTAMS 0x00000000c2800000 NTAMS 0x00000000c2800000 space 1024K, 100% used [0x00000000c2700000, 0x00000000c2800000)
AC   0  O    TS     0 PTAMS 0x00000000c2900000 NTAMS 0x00000000c2900000 space 1024K, 100% used [0x00000000c2800000, 0x00000000c2900000)
AC   0  O    TS     0 PTAMS 0x00000000c2a00000 NTAMS 0x00000000c2a00000 space 1024K, 100% used [0x00000000c2900000, 0x00000000c2a00000)
AC   0  O    TS     0 PTAMS 0x00000000c2b00000 NTAMS 0x00000000c2b00000 space 1024K, 100% used [0x00000000c2a00000, 0x00000000c2b00000)
AC   0  O    TS     5 PTAMS 0x00000000c2b00000 NTAMS 0x00000000c2b00000 space 1024K, 100% used [0x00000000c2b00000, 0x00000000c2c00000)
AC   0  O    TS     0 PTAMS 0x00000000c2d00000 NTAMS 0x00000000c2d00000 space 1024K, 100% used [0x00000000c2c00000, 0x00000000c2d00000)
AC   0  O    TS     0 PTAMS 0x00000000c2e00000 NTAMS 0x00000000c2e00000 space 1024K, 100% used [0x00000000c2d00000, 0x00000000c2e00000)
AC   0  O    TS     0 PTAMS 0x00000000c2f00000 NTAMS 0x00000000c2f00000 space 1024K, 100% used [0x00000000c2e00000, 0x00000000c2f00000)
AC   0  O    TS     0 PTAMS 0x00000000c3000000 NTAMS 0x00000000c3000000 space 1024K, 100% used [0x00000000c2f00000, 0x00000000c3000000)
AC   0  O    TS     0 PTAMS 0x00000000c3100000 NTAMS 0x00000000c3100000 space 1024K, 100% used [0x00000000c3000000, 0x00000000c3100000)
AC   0  O    TS     0 PTAMS 0x00000000c3200000 NTAMS 0x00000000c3200000 space 1024K, 100% used [0x00000000c3100000, 0x00000000c3200000)
AC   0  O    TS     5 PTAMS 0x00000000c3200000 NTAMS 0x00000000c3200000 space 1024K, 100% used [0x00000000c3200000, 0x00000000c3300000)
AC   0  O    TS     0 PTAMS 0x00000000c3400000 NTAMS 0x00000000c3400000 space 1024K, 100% used [0x00000000c3300000, 0x00000000c3400000)
AC   0  O    TS     0 PTAMS 0x00000000c3500000 NTAMS 0x00000000c3500000 space 1024K, 100% used [0x00000000c3400000, 0x00000000c3500000)
AC   0  O    TS     0 PTAMS 0x00000000c3600000 NTAMS 0x00000000c3600000 space 1024K, 100% used [0x00000000c3500000, 0x00000000c3600000)
AC   0  O    TS     0 PTAMS 0x00000000c3700000 NTAMS 0x00000000c3700000 space 1024K, 100% used [0x00000000c3600000, 0x00000000c3700000)
AC   0  O    TS     0 PTAMS 0x00000000c3800000 NTAMS 0x00000000c3800000 space 1024K, 100% used [0x00000000c3700000, 0x00000000c3800000)
AC   0  O    TS     0 PTAMS 0x00000000c3900000 NTAMS 0x00000000c3900000 space 1024K, 100% used [0x00000000c3800000, 0x00000000c3900000)
AC   0  O    TS     0 PTAMS 0x00000000c3a00000 NTAMS 0x00000000c3a00000 space 1024K, 100% used [0x00000000c3900000, 0x00000000c3a00000)
AC   0  O    TS     0 PTAMS 0x00000000c3b00000 NTAMS 0x00000000c3b00000 space 1024K, 100% used [0x00000000c3a00000, 0x00000000c3b00000)
AC   0  O    TS     0 PTAMS 0x00000000c3c00000 NTAMS 0x00000000c3c00000 space 1024K, 100% used [0x00000000c3b00000, 0x00000000c3c00000)
AC   0  O    TS     0 PTAMS 0x00000000c3d00000 NTAMS 0x00000000c3d00000 space 1024K, 100% used [0x00000000c3c00000, 0x00000000c3d00000)
AC   0  O    TS     0 PTAMS 0x00000000c3e00000 NTAMS 0x00000000c3e00000 space 1024K, 100% used [0x00000000c3d00000, 0x00000000c3e00000)
AC   0  O    TS     0 PTAMS 0x00000000c3f00000 NTAMS 0x00000000c3f00000 space 1024K, 100% used [0x00000000c3e00000, 0x00000000c3f00000)
AC   0  O    TS     0 PTAMS 0x00000000c4000000 NTAMS 0x00000000c4000000 space 1024K, 100% used [0x00000000c3f00000, 0x00000000c4000000)
AC   0  O    TS     0 PTAMS 0x00000000c4100000 NTAMS 0x00000000c4100000 space 1024K, 100% used [0x00000000c4000000, 0x00000000c4100000)
AC   0  O    TS     0 PTAMS 0x00000000c4200000 NTAMS 0x00000000c4200000 space 1024K, 100% used [0x00000000c4100000, 0x00000000c4200000)
AC   0  O    TS     0 PTAMS 0x00000000c4300000 NTAMS 0x00000000c4300000 space 1024K, 100% used [0x00000000c4200000, 0x00000000c4300000)
AC   0  O    TS     0 PTAMS 0x00000000c4400000 NTAMS 0x00000000c4400000 space 1024K, 100% used [0x00000000c4300000, 0x00000000c4400000)
AC   0  O    TS     0 PTAMS 0x00000000c4500000 NTAMS 0x00000000c4500000 space 1024K, 100% used [0x00000000c4400000, 0x00000000c4500000)
AC   0  O    TS     0 PTAMS 0x00000000c4600000 NTAMS 0x00000000c4600000 space 1024K, 100% used [0x00000000c4500000, 0x00000000c4600000)
AC   0  O    TS     0 PTAMS 0x00000000c4700000 NTAMS 0x00000000c4700000 space 1024K, 100% used [0x00000000c4600000, 0x00000000c4700000)
AC   0  O    TS     0 PTAMS 0x00000000c4800000 NTAMS 0x00000000c4800000 space 1024K, 100% used [0x00000000c4700000, 0x00000000c4800000)
AC   0  O    TS     0 PTAMS 0x00000000c4900000 NTAMS 0x00000000c4900000 space 1024K, 100% used [0x00000000c4800000, 0x00000000c4900000)
AC   0  O    TS     0 PTAMS 0x00000000c4a00000 NTAMS 0x00000000c4a00000 space 1024K, 100% used [0x00000000c4900000, 0x00000000c4a00000)
AC   0  O    TS     0 PTAMS 0x00000000c4b00000 NTAMS 0x00000000c4b00000 space 1024K, 100% used [0x00000000c4a00000, 0x00000000c4b00000)
AC   0  O    TS     0 PTAMS 0x00000000c4c00000 NTAMS 0x00000000c4c00000 space 1024K, 100% used [0x00000000c4b00000, 0x00000000c4c00000)
AC   0  O    TS     0 PTAMS 0x00000000c4d00000 NTAMS 0x00000000c4d00000 space 1024K, 100% used [0x00000000c4c00000, 0x00000000c4d00000)
AC   0  O    TS     0 PTAMS 0x00000000c4e00000 NTAMS 0x00000000c4e00000 space 1024K, 100% used [0x00000000c4d00000, 0x00000000c4e00000)
AC   0  O    TS     0 PTAMS 0x00000000c4f00000 NTAMS 0x00000000c4f00000 space 1024K, 100% used [0x00000000c4e00000, 0x00000000c4f00000)
AC   0  O    TS     0 PTAMS 0x00000000c5000000 NTAMS 0x00000000c5000000 space 1024K, 100% used [0x00000000c4f00000, 0x00000000c5000000)
AC   0  O    TS     0 PTAMS 0x00000000c5100000 NTAMS 0x00000000c5100000 space 1024K, 100% used [0x00000000c5000000, 0x00000000c5100000)
AC   0  O    TS     0 PTAMS 0x00000000c5200000 NTAMS 0x00000000c5200000 space 1024K, 100% used [0x00000000c5100000, 0x00000000c5200000)
AC   0  O    TS     0 PTAMS 0x00000000c5300000 NTAMS 0x00000000c5300000 space 1024K, 100% used [0x00000000c5200000, 0x00000000c5300000)
AC   0  O    TS     5 PTAMS 0x00000000c5300000 NTAMS 0x00000000c5300000 space 1024K, 100% used [0x00000000c5300000, 0x00000000c5400000)
AC   0  O    TS     0 PTAMS 0x00000000c5500000 NTAMS 0x00000000c5500000 space 1024K, 100% used [0x00000000c5400000, 0x00000000c5500000)
AC   0  O    TS     0 PTAMS 0x00000000c5600000 NTAMS 0x00000000c5600000 space 1024K, 100% used [0x00000000c5500000, 0x00000000c5600000)
AC   0  O    TS     5 PTAMS 0x00000000c5600000 NTAMS 0x00000000c5600000 space 1024K, 100% used [0x00000000c5600000, 0x00000000c5700000)
AC   0  O    TS     0 PTAMS 0x00000000c5800000 NTAMS 0x00000000c5800000 space 1024K, 100% used [0x00000000c5700000, 0x00000000c5800000)
AC   0  O    TS     0 PTAMS 0x00000000c5900000 NTAMS 0x00000000c5900000 space 1024K, 100% used [0x00000000c5800000, 0x00000000c5900000)
AC   0  O    TS     0 PTAMS 0x00000000c5a00000 NTAMS 0x00000000c5a00000 space 1024K, 100% used [0x00000000c5900000, 0x00000000c5a00000)
AC   0  O    TS     0 PTAMS 0x00000000c5b00000 NTAMS 0x00000000c5b00000 space 1024K, 100% used [0x00000000c5a00000, 0x00000000c5b00000)
AC   0  O    TS     0 PTAMS 0x00000000c5c00000 NTAMS 0x00000000c5c00000 space 1024K, 100% used [0x00000000c5b00000, 0x00000000c5c00000)
AC   0  O    TS     0 PTAMS 0x00000000c5d00000 NTAMS 0x00000000c5d00000 space 1024K, 100% used [0x00000000c5c00000, 0x00000000c5d00000)
AC   0  O    TS     0 PTAMS 0x00000000c5e00000 NTAMS 0x00000000c5e00000 space 1024K, 100% used [0x00000000c5d00000, 0x00000000c5e00000)
AC   0  O    TS     0 PTAMS 0x00000000c5f00000 NTAMS 0x00000000c5f00000 space 1024K, 100% used [0x00000000c5e00000, 0x00000000c5f00000)
AC   0  O    TS     0 PTAMS 0x00000000c6000000 NTAMS 0x00000000c6000000 space 1024K, 100% used [0x00000000c5f00000, 0x00000000c6000000)
AC   0  O    TS     0 PTAMS 0x00000000c6100000 NTAMS 0x00000000c6100000 space 1024K, 100% used [0x00000000c6000000, 0x00000000c6100000)
AC   0  O    TS     5 PTAMS 0x00000000c6100000 NTAMS 0x00000000c6100000 space 1024K,  50% used [0x00000000c6100000, 0x00000000c6200000)
AC   0  F    TS     0 PTAMS 0x00000000c6200000 NTAMS 0x00000000c6200000 space 1024K,   0% used [0x00000000c6200000, 0x00000000c6300000)
AC   0  O    TS     0 PTAMS 0x00000000c6400000 NTAMS 0x00000000c6400000 space 1024K, 100% used [0x00000000c6300000, 0x00000000c6400000)
AC   0  O    TS     0 PTAMS 0x00000000c6500000 NTAMS 0x00000000c6500000 space 1024K, 100% used [0x00000000c6400000, 0x00000000c6500000)
AC   0  O    TS     0 PTAMS 0x00000000c6600000 NTAMS 0x00000000c6600000 space 1024K, 100% used [0x00000000c6500000, 0x00000000c6600000)
AC   0  O    TS     0 PTAMS 0x00000000c6700000 NTAMS 0x00000000c6700000 space 1024K, 100% used [0x00000000c6600000, 0x00000000c6700000)
AC   0  F    TS     0 PTAMS 0x00000000c6700000 NTAMS 0x00000000c6700000 space 1024K,   0% used [0x00000000c6700000, 0x00000000c6800000)
AC   0  O    TS     0 PTAMS 0x00000000c6900000 NTAMS 0x00000000c6900000 space 1024K, 100% used [0x00000000c6800000, 0x00000000c6900000)
AC   0  O    TS     0 PTAMS 0x00000000c6a00000 NTAMS 0x00000000c6a00000 space 1024K, 100% used [0x00000000c6900000, 0x00000000c6a00000)
AC   0  O    TS     0 PTAMS 0x00000000c6b00000 NTAMS 0x00000000c6b00000 space 1024K, 100% used [0x00000000c6a00000, 0x00000000c6b00000)
AC   0  O    TS     0 PTAMS 0x00000000c6c00000 NTAMS 0x00000000c6c00000 space 1024K, 100% used [0x00000000c6b00000, 0x00000000c6c00000)
AC   0  O    TS     0 PTAMS 0x00000000c6d00000 NTAMS 0x00000000c6d00000 space 1024K, 100% used [0x00000000c6c00000, 0x00000000c6d00000)
AC   0  F    TS     0 PTAMS 0x00000000c6d00000 NTAMS 0x00000000c6d00000 space 1024K,   0% used [0x00000000c6d00000, 0x00000000c6e00000)
AC   0  F    TS     0 PTAMS 0x00000000c6e00000 NTAMS 0x00000000c6e00000 space 1024K,   0% used [0x00000000c6e00000, 0x00000000c6f00000)
AC   0  F    TS     0 PTAMS 0x00000000c6f00000 NTAMS 0x00000000c6f00000 space 1024K,   0% used [0x00000000c6f00000, 0x00000000c7000000)
AC   0  F    TS     0 PTAMS 0x00000000c7000000 NTAMS 0x00000000c7000000 space 1024K,   0% used [0x00000000c7000000, 0x00000000c7100000)
AC   0  O    TS     0 PTAMS 0x00000000c7200000 NTAMS 0x00000000c7200000 space 1024K, 100% used [0x00000000c7100000, 0x00000000c7200000)
AC   0  O    TS     0 PTAMS 0x00000000c7300000 NTAMS 0x00000000c7300000 space 1024K, 100% used [0x00000000c7200000, 0x00000000c7300000)
AC   0  F    TS     0 PTAMS 0x00000000c7300000 NTAMS 0x00000000c7300000 space 1024K,   0% used [0x00000000c7300000, 0x00000000c7400000)
AC   0  O    TS     0 PTAMS 0x00000000c7500000 NTAMS 0x00000000c7500000 space 1024K, 100% used [0x00000000c7400000, 0x00000000c7500000)
AC   0  F    TS     0 PTAMS 0x00000000c7500000 NTAMS 0x00000000c7500000 space 1024K,   0% used [0x00000000c7500000, 0x00000000c7600000)
AC   0  F    TS     0 PTAMS 0x00000000c7600000 NTAMS 0x00000000c7600000 space 1024K,   0% used [0x00000000c7600000, 0x00000000c7700000)
AC   0 HS    TS     0 PTAMS 0x00000000c7920010 NTAMS 0x00000000c7920010 space 3072K,  70% used [0x00000000c7700000, 0x00000000c7a00000)
AC   0 HC    TS     0 PTAMS 0x00000000c7800000 NTAMS 0x00000000c7800000 space 1024K, 100% used [0x00000000c7800000, 0x00000000c7900000)
AC   0 HC    TS     0 PTAMS 0x00000000c7900000 NTAMS 0x00000000c7900000 space 1024K,  12% used [0x00000000c7900000, 0x00000000c7a00000)
AC   0  O    TS     0 PTAMS 0x00000000c7b00000 NTAMS 0x00000000c7b00000 space 1024K, 100% used [0x00000000c7a00000, 0x00000000c7b00000)
AC   0  O    TS     0 PTAMS 0x00000000c7c00000 NTAMS 0x00000000c7c00000 space 1024K, 100% used [0x00000000c7b00000, 0x00000000c7c00000)
AC   0  O    TS     0 PTAMS 0x00000000c7d00000 NTAMS 0x00000000c7d00000 space 1024K, 100% used [0x00000000c7c00000, 0x00000000c7d00000)
AC   0  O    TS     0 PTAMS 0x00000000c7e00000 NTAMS 0x00000000c7e00000 space 1024K, 100% used [0x00000000c7d00000, 0x00000000c7e00000)
AC   0  O    TS     0 PTAMS 0x00000000c7f00000 NTAMS 0x00000000c7f00000 space 1024K, 100% used [0x00000000c7e00000, 0x00000000c7f00000)
AC   0  F    TS     0 PTAMS 0x00000000c7f00000 NTAMS 0x00000000c7f00000 space 1024K,   0% used [0x00000000c7f00000, 0x00000000c8000000)
AC   0  O    TS     0 PTAMS 0x00000000c8100000 NTAMS 0x00000000c8100000 space 1024K, 100% used [0x00000000c8000000, 0x00000000c8100000)
AC   0  F    TS     0 PTAMS 0x00000000c8100000 NTAMS 0x00000000c8100000 space 1024K,   0% used [0x00000000c8100000, 0x00000000c8200000)
AC   0  F    TS     0 PTAMS 0x00000000c8200000 NTAMS 0x00000000c8200000 space 1024K,   0% used [0x00000000c8200000, 0x00000000c8300000)
AC   0  O    TS     0 PTAMS 0x00000000c8400000 NTAMS 0x00000000c8400000 space 1024K, 100% used [0x00000000c8300000, 0x00000000c8400000)
AC   0  O    TS     0 PTAMS 0x00000000c8500000 NTAMS 0x00000000c8500000 space 1024K, 100% used [0x00000000c8400000, 0x00000000c8500000)
AC   0  F    TS     0 PTAMS 0x00000000c8500000 NTAMS 0x00000000c8500000 space 1024K,   0% used [0x00000000c8500000, 0x00000000c8600000)
AC   0  O    TS     0 PTAMS 0x00000000c8700000 NTAMS 0x00000000c8700000 space 1024K, 100% used [0x00000000c8600000, 0x00000000c8700000)
AC   0  F    TS     0 PTAMS 0x00000000c8700000 NTAMS 0x00000000c8700000 space 1024K,   0% used [0x00000000c8700000, 0x00000000c8800000)
AC   0  F    TS     0 PTAMS 0x00000000c8800000 NTAMS 0x00000000c8800000 space 1024K,   0% used [0x00000000c8800000, 0x00000000c8900000)
AC   0  F    TS     0 PTAMS 0x00000000c8900000 NTAMS 0x00000000c8900000 space 1024K,   0% used [0x00000000c8900000, 0x00000000c8a00000)
AC   0  F    TS     0 PTAMS 0x00000000c8a00000 NTAMS 0x00000000c8a00000 space 1024K,   0% used [0x00000000c8a00000, 0x00000000c8b00000)
AC   0  F    TS     0 PTAMS 0x00000000c8b00000 NTAMS 0x00000000c8b00000 space 1024K,   0% used [0x00000000c8b00000, 0x00000000c8c00000)
AC   0  O    TS     0 PTAMS 0x00000000c8d00000 NTAMS 0x00000000c8d00000 space 1024K, 100% used [0x00000000c8c00000, 0x00000000c8d00000)
AC   0  F    TS     0 PTAMS 0x00000000c8d00000 NTAMS 0x00000000c8d00000 space 1024K,   0% used [0x00000000c8d00000, 0x00000000c8e00000)
AC   0  F    TS     0 PTAMS 0x00000000c8e00000 NTAMS 0x00000000c8e00000 space 1024K,   0% used [0x00000000c8e00000, 0x00000000c8f00000)
AC   0  O    TS     0 PTAMS 0x00000000c9000000 NTAMS 0x00000000c9000000 space 1024K, 100% used [0x00000000c8f00000, 0x00000000c9000000)
AC   0  O    TS     0 PTAMS 0x00000000c9100000 NTAMS 0x00000000c9100000 space 1024K, 100% used [0x00000000c9000000, 0x00000000c9100000)
AC   0  O    TS     0 PTAMS 0x00000000c9200000 NTAMS 0x00000000c9200000 space 1024K, 100% used [0x00000000c9100000, 0x00000000c9200000)
AC   0  O    TS     0 PTAMS 0x00000000c9300000 NTAMS 0x00000000c9300000 space 1024K, 100% used [0x00000000c9200000, 0x00000000c9300000)
AC   0  O    TS     0 PTAMS 0x00000000c9400000 NTAMS 0x00000000c9400000 space 1024K, 100% used [0x00000000c9300000, 0x00000000c9400000)
AC   0  F    TS     0 PTAMS 0x00000000c9400000 NTAMS 0x00000000c9400000 space 1024K,   0% used [0x00000000c9400000, 0x00000000c9500000)
AC   0  F    TS     0 PTAMS 0x00000000c9500000 NTAMS 0x00000000c9500000 space 1024K,   0% used [0x00000000c9500000, 0x00000000c9600000)
AC   0  F    TS     0 PTAMS 0x00000000c9600000 NTAMS 0x00000000c9600000 space 1024K,   0% used [0x00000000c9600000, 0x00000000c9700000)
AC   0  O    TS     3 PTAMS 0x00000000c9784a00 NTAMS 0x00000000c9784a00 space 1024K, 100% used [0x00000000c9700000, 0x00000000c9800000)
AC   0  O    TS     3 PTAMS 0x00000000c9800000 NTAMS 0x00000000c9800000 space 1024K, 100% used [0x00000000c9800000, 0x00000000c9900000)
AC   0  O    TS     3 PTAMS 0x00000000c9900000 NTAMS 0x00000000c9900000 space 1024K, 100% used [0x00000000c9900000, 0x00000000c9a00000)
AC   0  O    TS     3 PTAMS 0x00000000c9a00000 NTAMS 0x00000000c9a00000 space 1024K, 100% used [0x00000000c9a00000, 0x00000000c9b00000)
AC   0  O    TS     3 PTAMS 0x00000000c9b00000 NTAMS 0x00000000c9b00000 space 1024K, 100% used [0x00000000c9b00000, 0x00000000c9c00000)
AC   0  O    TS     3 PTAMS 0x00000000c9c00000 NTAMS 0x00000000c9c00000 space 1024K, 100% used [0x00000000c9c00000, 0x00000000c9d00000)
AC   0  O    TS     3 PTAMS 0x00000000c9d00000 NTAMS 0x00000000c9d00000 space 1024K, 100% used [0x00000000c9d00000, 0x00000000c9e00000)
AC   0  O    TS     3 PTAMS 0x00000000c9e00000 NTAMS 0x00000000c9e00000 space 1024K, 100% used [0x00000000c9e00000, 0x00000000c9f00000)
AC   0  O    TS     3 PTAMS 0x00000000c9f00000 NTAMS 0x00000000c9f00000 space 1024K, 100% used [0x00000000c9f00000, 0x00000000ca000000)
AC   0  O    TS     3 PTAMS 0x00000000ca000000 NTAMS 0x00000000ca000000 space 1024K, 100% used [0x00000000ca000000, 0x00000000ca100000)
AC   0  O    TS     3 PTAMS 0x00000000ca100000 NTAMS 0x00000000ca100000 space 1024K, 100% used [0x00000000ca100000, 0x00000000ca200000)
AC   0  O    TS     3 PTAMS 0x00000000ca200000 NTAMS 0x00000000ca200000 space 1024K, 100% used [0x00000000ca200000, 0x00000000ca300000)
AC   0  O    TS     3 PTAMS 0x00000000ca300000 NTAMS 0x00000000ca300000 space 1024K, 100% used [0x00000000ca300000, 0x00000000ca400000)
AC   0  O    TS     3 PTAMS 0x00000000ca400000 NTAMS 0x00000000ca400000 space 1024K, 100% used [0x00000000ca400000, 0x00000000ca500000)
AC   0  O    TS     3 PTAMS 0x00000000ca500000 NTAMS 0x00000000ca500000 space 1024K, 100% used [0x00000000ca500000, 0x00000000ca600000)
AC   0  O    TS     3 PTAMS 0x00000000ca600000 NTAMS 0x00000000ca600000 space 1024K, 100% used [0x00000000ca600000, 0x00000000ca700000)
AC   0  O    TS     3 PTAMS 0x00000000ca700000 NTAMS 0x00000000ca700000 space 1024K, 100% used [0x00000000ca700000, 0x00000000ca800000)
AC   0  F    TS     0 PTAMS 0x00000000ca800000 NTAMS 0x00000000ca800000 space 1024K,   0% used [0x00000000ca800000, 0x00000000ca900000)
AC   0  O    TS     0 PTAMS 0x00000000caa00000 NTAMS 0x00000000caa00000 space 1024K, 100% used [0x00000000ca900000, 0x00000000caa00000)
AC   0  O    TS     3 PTAMS 0x00000000caa00000 NTAMS 0x00000000caa00000 space 1024K, 100% used [0x00000000caa00000, 0x00000000cab00000)
AC   0  O    TS     3 PTAMS 0x00000000cab00000 NTAMS 0x00000000cab00000 space 1024K, 100% used [0x00000000cab00000, 0x00000000cac00000)
AC   0  F    TS     0 PTAMS 0x00000000cac00000 NTAMS 0x00000000cac00000 space 1024K,   0% used [0x00000000cac00000, 0x00000000cad00000)
AC   0  O    TS     3 PTAMS 0x00000000cad00000 NTAMS 0x00000000cad00000 space 1024K, 100% used [0x00000000cad00000, 0x00000000cae00000)
AC   0  O    TS     3 PTAMS 0x00000000cae00000 NTAMS 0x00000000cae00000 space 1024K, 100% used [0x00000000cae00000, 0x00000000caf00000)
AC   0  O    TS     3 PTAMS 0x00000000caf00000 NTAMS 0x00000000caf00000 space 1024K, 100% used [0x00000000caf00000, 0x00000000cb000000)
AC   0  O    TS     3 PTAMS 0x00000000cb000000 NTAMS 0x00000000cb000000 space 1024K, 100% used [0x00000000cb000000, 0x00000000cb100000)
AC   0  F    TS     0 PTAMS 0x00000000cb100000 NTAMS 0x00000000cb100000 space 1024K,   0% used [0x00000000cb100000, 0x00000000cb200000)
AC   0  O    TS     0 PTAMS 0x00000000cb300000 NTAMS 0x00000000cb300000 space 1024K, 100% used [0x00000000cb200000, 0x00000000cb300000)
AC   0  O    TS     0 PTAMS 0x00000000cb400000 NTAMS 0x00000000cb400000 space 1024K, 100% used [0x00000000cb300000, 0x00000000cb400000)
AC   0  F    TS     0 PTAMS 0x00000000cb400000 NTAMS 0x00000000cb400000 space 1024K,   0% used [0x00000000cb400000, 0x00000000cb500000)
AC   0  F    TS     0 PTAMS 0x00000000cb500000 NTAMS 0x00000000cb500000 space 1024K,   0% used [0x00000000cb500000, 0x00000000cb600000)
AC   0  O    TS     3 PTAMS 0x00000000cb600000 NTAMS 0x00000000cb600000 space 1024K, 100% used [0x00000000cb600000, 0x00000000cb700000)
AC   0  O    TS     3 PTAMS 0x00000000cb700000 NTAMS 0x00000000cb700000 space 1024K, 100% used [0x00000000cb700000, 0x00000000cb800000)
AC   0  O    TS     3 PTAMS 0x00000000cb800000 NTAMS 0x00000000cb800000 space 1024K, 100% used [0x00000000cb800000, 0x00000000cb900000)
AC   0  O    TS     3 PTAMS 0x00000000cb900000 NTAMS 0x00000000cb900000 space 1024K, 100% used [0x00000000cb900000, 0x00000000cba00000)
AC   0  O    TS     3 PTAMS 0x00000000cba00000 NTAMS 0x00000000cba00000 space 1024K, 100% used [0x00000000cba00000, 0x00000000cbb00000)
AC   0  O    TS     3 PTAMS 0x00000000cbb00000 NTAMS 0x00000000cbb00000 space 1024K, 100% used [0x00000000cbb00000, 0x00000000cbc00000)
AC   0  O    TS     3 PTAMS 0x00000000cbc00000 NTAMS 0x00000000cbc00000 space 1024K, 100% used [0x00000000cbc00000, 0x00000000cbd00000)
AC   0  O    TS     3 PTAMS 0x00000000cbd00000 NTAMS 0x00000000cbd00000 space 1024K, 100% used [0x00000000cbd00000, 0x00000000cbe00000)
AC   0  O    TS     3 PTAMS 0x00000000cbe00000 NTAMS 0x00000000cbe00000 space 1024K, 100% used [0x00000000cbe00000, 0x00000000cbf00000)
AC   0  O    TS     5 PTAMS 0x00000000cbf00000 NTAMS 0x00000000cbf00000 space 1024K, 100% used [0x00000000cbf00000, 0x00000000cc000000)
AC   0  F    TS     0 PTAMS 0x00000000cc000000 NTAMS 0x00000000cc000000 space 1024K,   0% used [0x00000000cc000000, 0x00000000cc100000)
AC   0  F    TS     0 PTAMS 0x00000000cc100000 NTAMS 0x00000000cc100000 space 1024K,   0% used [0x00000000cc100000, 0x00000000cc200000)
AC   0  O    TS     0 PTAMS 0x00000000cc300000 NTAMS 0x00000000cc300000 space 1024K, 100% used [0x00000000cc200000, 0x00000000cc300000)
AC   0  F    TS     0 PTAMS 0x00000000cc300000 NTAMS 0x00000000cc300000 space 1024K,   0% used [0x00000000cc300000, 0x00000000cc400000)
AC   0  O    TS     0 PTAMS 0x00000000cc500000 NTAMS 0x00000000cc500000 space 1024K, 100% used [0x00000000cc400000, 0x00000000cc500000)
AC   0  F    TS     0 PTAMS 0x00000000cc500000 NTAMS 0x00000000cc500000 space 1024K,   0% used [0x00000000cc500000, 0x00000000cc600000)
AC   0  O    TS     0 PTAMS 0x00000000cc700000 NTAMS 0x00000000cc700000 space 1024K, 100% used [0x00000000cc600000, 0x00000000cc700000)
AC   0  O    TS     0 PTAMS 0x00000000cc800000 NTAMS 0x00000000cc800000 space 1024K, 100% used [0x00000000cc700000, 0x00000000cc800000)
AC   0  F    TS     0 PTAMS 0x00000000cc800000 NTAMS 0x00000000cc800000 space 1024K,   0% used [0x00000000cc800000, 0x00000000cc900000)
AC   0  O    TS     0 PTAMS 0x00000000cca00000 NTAMS 0x00000000cca00000 space 1024K, 100% used [0x00000000cc900000, 0x00000000cca00000)
AC   0  O    TS     0 PTAMS 0x00000000ccb00000 NTAMS 0x00000000ccb00000 space 1024K, 100% used [0x00000000cca00000, 0x00000000ccb00000)
AC   0  O    TS     0 PTAMS 0x00000000ccc00000 NTAMS 0x00000000ccc00000 space 1024K, 100% used [0x00000000ccb00000, 0x00000000ccc00000)
AC   0  F    TS     0 PTAMS 0x00000000ccc00000 NTAMS 0x00000000ccc00000 space 1024K,   0% used [0x00000000ccc00000, 0x00000000ccd00000)
AC   0  F    TS     0 PTAMS 0x00000000ccd00000 NTAMS 0x00000000ccd00000 space 1024K,   0% used [0x00000000ccd00000, 0x00000000cce00000)
AC   0  F    TS     0 PTAMS 0x00000000cce00000 NTAMS 0x00000000cce00000 space 1024K,   0% used [0x00000000cce00000, 0x00000000ccf00000)
AC   0  O    TS     0 PTAMS 0x00000000cd000000 NTAMS 0x00000000cd000000 space 1024K, 100% used [0x00000000ccf00000, 0x00000000cd000000)
AC   0  F    TS     0 PTAMS 0x00000000cd000000 NTAMS 0x00000000cd000000 space 1024K,   0% used [0x00000000cd000000, 0x00000000cd100000)
AC   0  O    TS     0 PTAMS 0x00000000cd200000 NTAMS 0x00000000cd200000 space 1024K, 100% used [0x00000000cd100000, 0x00000000cd200000)
AC   0  O    TS     0 PTAMS 0x00000000cd300000 NTAMS 0x00000000cd300000 space 1024K, 100% used [0x00000000cd200000, 0x00000000cd300000)
AC   0  O    TS     0 PTAMS 0x00000000cd400000 NTAMS 0x00000000cd400000 space 1024K, 100% used [0x00000000cd300000, 0x00000000cd400000)
AC   0  F    TS     0 PTAMS 0x00000000cd400000 NTAMS 0x00000000cd400000 space 1024K,   0% used [0x00000000cd400000, 0x00000000cd500000)
AC   0  F    TS     0 PTAMS 0x00000000cd500000 NTAMS 0x00000000cd500000 space 1024K,   0% used [0x00000000cd500000, 0x00000000cd600000)
AC   0  F    TS     0 PTAMS 0x00000000cd600000 NTAMS 0x00000000cd600000 space 1024K,   0% used [0x00000000cd600000, 0x00000000cd700000)
AC   0  F    TS     0 PTAMS 0x00000000cd700000 NTAMS 0x00000000cd700000 space 1024K,   0% used [0x00000000cd700000, 0x00000000cd800000)
AC   0  F    TS     0 PTAMS 0x00000000cd800000 NTAMS 0x00000000cd800000 space 1024K,   0% used [0x00000000cd800000, 0x00000000cd900000)
AC   0  F    TS     0 PTAMS 0x00000000cd900000 NTAMS 0x00000000cd900000 space 1024K,   0% used [0x00000000cd900000, 0x00000000cda00000)
AC   0  F    TS     0 PTAMS 0x00000000cda00000 NTAMS 0x00000000cda00000 space 1024K,   0% used [0x00000000cda00000, 0x00000000cdb00000)
AC   0  F    TS     0 PTAMS 0x00000000cdb00000 NTAMS 0x00000000cdb00000 space 1024K,   0% used [0x00000000cdb00000, 0x00000000cdc00000)
AC   0  F    TS     0 PTAMS 0x00000000cdc00000 NTAMS 0x00000000cdc00000 space 1024K,   0% used [0x00000000cdc00000, 0x00000000cdd00000)
AC   0  F    TS     0 PTAMS 0x00000000cdd00000 NTAMS 0x00000000cdd00000 space 1024K,   0% used [0x00000000cdd00000, 0x00000000cde00000)
AC   0  F    TS     0 PTAMS 0x00000000cde00000 NTAMS 0x00000000cde00000 space 1024K,   0% used [0x00000000cde00000, 0x00000000cdf00000)
AC   0  F    TS     0 PTAMS 0x00000000cdf00000 NTAMS 0x00000000cdf00000 space 1024K,   0% used [0x00000000cdf00000, 0x00000000ce000000)
AC   0  F    TS     0 PTAMS 0x00000000ce000000 NTAMS 0x00000000ce000000 space 1024K,   0% used [0x00000000ce000000, 0x00000000ce100000)
AC   0  F    TS     0 PTAMS 0x00000000ce100000 NTAMS 0x00000000ce100000 space 1024K,   0% used [0x00000000ce100000, 0x00000000ce200000)
AC   0  F    TS     0 PTAMS 0x00000000ce200000 NTAMS 0x00000000ce200000 space 1024K,   0% used [0x00000000ce200000, 0x00000000ce300000)
AC   0  F    TS     0 PTAMS 0x00000000ce300000 NTAMS 0x00000000ce300000 space 1024K,   0% used [0x00000000ce300000, 0x00000000ce400000)
AC   0  F    TS     1 PTAMS 0x00000000ce400000 NTAMS 0x00000000ce400000 space 1024K,   0% used [0x00000000ce400000, 0x00000000ce500000)
AC   0  F    TS     1 PTAMS 0x00000000ce500000 NTAMS 0x00000000ce500000 space 1024K,   0% used [0x00000000ce500000, 0x00000000ce600000)
AC   0  F    TS     1 PTAMS 0x00000000ce600000 NTAMS 0x00000000ce600000 space 1024K,   0% used [0x00000000ce600000, 0x00000000ce700000)
AC   0  F    TS     1 PTAMS 0x00000000ce700000 NTAMS 0x00000000ce700000 space 1024K,   0% used [0x00000000ce700000, 0x00000000ce800000)
AC   0  F    TS     1 PTAMS 0x00000000ce800000 NTAMS 0x00000000ce800000 space 1024K,   0% used [0x00000000ce800000, 0x00000000ce900000)
AC   0  F    TS     1 PTAMS 0x00000000ce900000 NTAMS 0x00000000ce900000 space 1024K,   0% used [0x00000000ce900000, 0x00000000cea00000)
AC   0  F    TS     1 PTAMS 0x00000000cea00000 NTAMS 0x00000000cea00000 space 1024K,   0% used [0x00000000cea00000, 0x00000000ceb00000)
AC   0  F    TS     1 PTAMS 0x00000000ceb00000 NTAMS 0x00000000ceb00000 space 1024K,   0% used [0x00000000ceb00000, 0x00000000cec00000)
AC   0  F    TS     1 PTAMS 0x00000000cec00000 NTAMS 0x00000000cec00000 space 1024K,   0% used [0x00000000cec00000, 0x00000000ced00000)
AC   0  F    TS     1 PTAMS 0x00000000ced00000 NTAMS 0x00000000ced00000 space 1024K,   0% used [0x00000000ced00000, 0x00000000cee00000)
AC   0  F    TS     1 PTAMS 0x00000000cee00000 NTAMS 0x00000000cee00000 space 1024K,   0% used [0x00000000cee00000, 0x00000000cef00000)
AC   0  F    TS     0 PTAMS 0x00000000cef00000 NTAMS 0x00000000cef00000 space 1024K,   0% used [0x00000000cef00000, 0x00000000cf000000)
AC   0  F    TS     0 PTAMS 0x00000000cf000000 NTAMS 0x00000000cf000000 space 1024K,   0% used [0x00000000cf000000, 0x00000000cf100000)
AC   0  F    TS     0 PTAMS 0x00000000cf100000 NTAMS 0x00000000cf100000 space 1024K,   0% used [0x00000000cf100000, 0x00000000cf200000)
AC   0  F    TS     0 PTAMS 0x00000000cf200000 NTAMS 0x00000000cf200000 space 1024K,   0% used [0x00000000cf200000, 0x00000000cf300000)
AC   0  F    TS     0 PTAMS 0x00000000cf300000 NTAMS 0x00000000cf300000 space 1024K,   0% used [0x00000000cf300000, 0x00000000cf400000)
AC   0  F    TS     0 PTAMS 0x00000000cf400000 NTAMS 0x00000000cf400000 space 1024K,   0% used [0x00000000cf400000, 0x00000000cf500000)
AC   0  F    TS     0 PTAMS 0x00000000cf500000 NTAMS 0x00000000cf500000 space 1024K,   0% used [0x00000000cf500000, 0x00000000cf600000)
AC   0  F    TS     0 PTAMS 0x00000000cf600000 NTAMS 0x00000000cf600000 space 1024K,   0% used [0x00000000cf600000, 0x00000000cf700000)
AC   0  F    TS     0 PTAMS 0x00000000cf700000 NTAMS 0x00000000cf700000 space 1024K,   0% used [0x00000000cf700000, 0x00000000cf800000)
AC   0  F    TS     0 PTAMS 0x00000000cf800000 NTAMS 0x00000000cf800000 space 1024K,   0% used [0x00000000cf800000, 0x00000000cf900000)
AC   0  F    TS     0 PTAMS 0x00000000cf900000 NTAMS 0x00000000cf900000 space 1024K,   0% used [0x00000000cf900000, 0x00000000cfa00000)
AC   0  F    TS     0 PTAMS 0x00000000cfa00000 NTAMS 0x00000000cfa00000 space 1024K,   0% used [0x00000000cfa00000, 0x00000000cfb00000)
AC   0  F    TS     0 PTAMS 0x00000000cfb00000 NTAMS 0x00000000cfb00000 space 1024K,   0% used [0x00000000cfb00000, 0x00000000cfc00000)
AC   0  F    TS     0 PTAMS 0x00000000cfc00000 NTAMS 0x00000000cfc00000 space 1024K,   0% used [0x00000000cfc00000, 0x00000000cfd00000)
AC   0  F    TS     0 PTAMS 0x00000000cfd00000 NTAMS 0x00000000cfd00000 space 1024K,   0% used [0x00000000cfd00000, 0x00000000cfe00000)
AC   0  F    TS     0 PTAMS 0x00000000cfe00000 NTAMS 0x00000000cfe00000 space 1024K,   0% used [0x00000000cfe00000, 0x00000000cff00000)
AC   0  F    TS     0 PTAMS 0x00000000cff00000 NTAMS 0x00000000cff00000 space 1024K,   0% used [0x00000000cff00000, 0x00000000d0000000)
AC   0  F    TS     0 PTAMS 0x00000000d0000000 NTAMS 0x00000000d0000000 space 1024K,   0% used [0x00000000d0000000, 0x00000000d0100000)
AC   0  F    TS     0 PTAMS 0x00000000d0100000 NTAMS 0x00000000d0100000 space 1024K,   0% used [0x00000000d0100000, 0x00000000d0200000)
AC   0  F    TS     0 PTAMS 0x00000000d0200000 NTAMS 0x00000000d0200000 space 1024K,   0% used [0x00000000d0200000, 0x00000000d0300000)
AC   0  F    TS     0 PTAMS 0x00000000d0300000 NTAMS 0x00000000d0300000 space 1024K,   0% used [0x00000000d0300000, 0x00000000d0400000)
AC   0  F    TS     0 PTAMS 0x00000000d0400000 NTAMS 0x00000000d0400000 space 1024K,   0% used [0x00000000d0400000, 0x00000000d0500000)
AC   0  F    TS     0 PTAMS 0x00000000d0500000 NTAMS 0x00000000d0500000 space 1024K,   0% used [0x00000000d0500000, 0x00000000d0600000)
AC   0  F    TS     0 PTAMS 0x00000000d0600000 NTAMS 0x00000000d0600000 space 1024K,   0% used [0x00000000d0600000, 0x00000000d0700000)
AC   0  F    TS     0 PTAMS 0x00000000d0700000 NTAMS 0x00000000d0700000 space 1024K,   0% used [0x00000000d0700000, 0x00000000d0800000)
AC   0  F    TS     0 PTAMS 0x00000000d0800000 NTAMS 0x00000000d0800000 space 1024K,   0% used [0x00000000d0800000, 0x00000000d0900000)
AC   0  F    TS     0 PTAMS 0x00000000d0900000 NTAMS 0x00000000d0900000 space 1024K,   0% used [0x00000000d0900000, 0x00000000d0a00000)
AC   0  F    TS     0 PTAMS 0x00000000d0a00000 NTAMS 0x00000000d0a00000 space 1024K,   0% used [0x00000000d0a00000, 0x00000000d0b00000)
AC   0  F    TS     0 PTAMS 0x00000000d0b00000 NTAMS 0x00000000d0b00000 space 1024K,   0% used [0x00000000d0b00000, 0x00000000d0c00000)
AC   0  F    TS     0 PTAMS 0x00000000d0c00000 NTAMS 0x00000000d0c00000 space 1024K,   0% used [0x00000000d0c00000, 0x00000000d0d00000)
AC   0  F    TS     0 PTAMS 0x00000000d0d00000 NTAMS 0x00000000d0d00000 space 1024K,   0% used [0x00000000d0d00000, 0x00000000d0e00000)
AC   0  F    TS     0 PTAMS 0x00000000d0e00000 NTAMS 0x00000000d0e00000 space 1024K,   0% used [0x00000000d0e00000, 0x00000000d0f00000)
AC   0  F    TS     0 PTAMS 0x00000000d0f00000 NTAMS 0x00000000d0f00000 space 1024K,   0% used [0x00000000d0f00000, 0x00000000d1000000)
AC   0  F    TS     0 PTAMS 0x00000000d1000000 NTAMS 0x00000000d1000000 space 1024K,   0% used [0x00000000d1000000, 0x00000000d1100000)
AC   0  F    TS     0 PTAMS 0x00000000d1100000 NTAMS 0x00000000d1100000 space 1024K,   0% used [0x00000000d1100000, 0x00000000d1200000)
AC   0  F    TS     0 PTAMS 0x00000000d1200000 NTAMS 0x00000000d1200000 space 1024K,   0% used [0x00000000d1200000, 0x00000000d1300000)
AC   0  F    TS     0 PTAMS 0x00000000d1300000 NTAMS 0x00000000d1300000 space 1024K,   0% used [0x00000000d1300000, 0x00000000d1400000)
AC   0  F    TS     0 PTAMS 0x00000000d1400000 NTAMS 0x00000000d1400000 space 1024K,   0% used [0x00000000d1400000, 0x00000000d1500000)
AC   0  F    TS     0 PTAMS 0x00000000d1500000 NTAMS 0x00000000d1500000 space 1024K,   0% used [0x00000000d1500000, 0x00000000d1600000)
AC   0  F    TS     0 PTAMS 0x00000000d1600000 NTAMS 0x00000000d1600000 space 1024K,   0% used [0x00000000d1600000, 0x00000000d1700000)
AC   0  F    TS     0 PTAMS 0x00000000d1700000 NTAMS 0x00000000d1700000 space 1024K,   0% used [0x00000000d1700000, 0x00000000d1800000)
AC   0  F    TS     0 PTAMS 0x00000000d1800000 NTAMS 0x00000000d1800000 space 1024K,   0% used [0x00000000d1800000, 0x00000000d1900000)
AC   0  F    TS     0 PTAMS 0x00000000d1900000 NTAMS 0x00000000d1900000 space 1024K,   0% used [0x00000000d1900000, 0x00000000d1a00000)
AC   0  F    TS     0 PTAMS 0x00000000d1a00000 NTAMS 0x00000000d1a00000 space 1024K,   0% used [0x00000000d1a00000, 0x00000000d1b00000)
AC   0  F    TS     0 PTAMS 0x00000000d1b00000 NTAMS 0x00000000d1b00000 space 1024K,   0% used [0x00000000d1b00000, 0x00000000d1c00000)
AC   0  F    TS     0 PTAMS 0x00000000d1c00000 NTAMS 0x00000000d1c00000 space 1024K,   0% used [0x00000000d1c00000, 0x00000000d1d00000)
AC   0  F    TS     0 PTAMS 0x00000000d1d00000 NTAMS 0x00000000d1d00000 space 1024K,   0% used [0x00000000d1d00000, 0x00000000d1e00000)
AC   0  F    TS     0 PTAMS 0x00000000d1e00000 NTAMS 0x00000000d1e00000 space 1024K,   0% used [0x00000000d1e00000, 0x00000000d1f00000)
AC   0  F    TS     0 PTAMS 0x00000000d1f00000 NTAMS 0x00000000d1f00000 space 1024K,   0% used [0x00000000d1f00000, 0x00000000d2000000)
AC   0  F    TS     0 PTAMS 0x00000000d2000000 NTAMS 0x00000000d2000000 space 1024K,   0% used [0x00000000d2000000, 0x00000000d2100000)
AC   0  F    TS     0 PTAMS 0x00000000d2100000 NTAMS 0x00000000d2100000 space 1024K,   0% used [0x00000000d2100000, 0x00000000d2200000)
AC   0  F    TS     0 PTAMS 0x00000000d2200000 NTAMS 0x00000000d2200000 space 1024K,   0% used [0x00000000d2200000, 0x00000000d2300000)
AC   0  F    TS     0 PTAMS 0x00000000d2300000 NTAMS 0x00000000d2300000 space 1024K,   0% used [0x00000000d2300000, 0x00000000d2400000)
AC   0  F    TS     0 PTAMS 0x00000000d2400000 NTAMS 0x00000000d2400000 space 1024K,   0% used [0x00000000d2400000, 0x00000000d2500000)
AC   0  F    TS     0 PTAMS 0x00000000d2500000 NTAMS 0x00000000d2500000 space 1024K,   0% used [0x00000000d2500000, 0x00000000d2600000)
AC   0  F    TS     0 PTAMS 0x00000000d2600000 NTAMS 0x00000000d2600000 space 1024K,   0% used [0x00000000d2600000, 0x00000000d2700000)
AC   0  F    TS     0 PTAMS 0x00000000d2700000 NTAMS 0x00000000d2700000 space 1024K,   0% used [0x00000000d2700000, 0x00000000d2800000)
AC   0  F    TS     0 PTAMS 0x00000000d2800000 NTAMS 0x00000000d2800000 space 1024K,   0% used [0x00000000d2800000, 0x00000000d2900000)
AC   0  F    TS     0 PTAMS 0x00000000d2900000 NTAMS 0x00000000d2900000 space 1024K,   0% used [0x00000000d2900000, 0x00000000d2a00000)
AC   0  F    TS     0 PTAMS 0x00000000d2a00000 NTAMS 0x00000000d2a00000 space 1024K,   0% used [0x00000000d2a00000, 0x00000000d2b00000)
AC   0  F    TS     0 PTAMS 0x00000000d2b00000 NTAMS 0x00000000d2b00000 space 1024K,   0% used [0x00000000d2b00000, 0x00000000d2c00000)
AC   0  F    TS     0 PTAMS 0x00000000d2c00000 NTAMS 0x00000000d2c00000 space 1024K,   0% used [0x00000000d2c00000, 0x00000000d2d00000)
AC   0  F    TS     0 PTAMS 0x00000000d2d00000 NTAMS 0x00000000d2d00000 space 1024K,   0% used [0x00000000d2d00000, 0x00000000d2e00000)
AC   0  F    TS     0 PTAMS 0x00000000d2e00000 NTAMS 0x00000000d2e00000 space 1024K,   0% used [0x00000000d2e00000, 0x00000000d2f00000)
AC   0  F    TS     0 PTAMS 0x00000000d2f00000 NTAMS 0x00000000d2f00000 space 1024K,   0% used [0x00000000d2f00000, 0x00000000d3000000)
AC   0  F    TS     0 PTAMS 0x00000000d3000000 NTAMS 0x00000000d3000000 space 1024K,   0% used [0x00000000d3000000, 0x00000000d3100000)
AC   0  F    TS     0 PTAMS 0x00000000d3100000 NTAMS 0x00000000d3100000 space 1024K,   0% used [0x00000000d3100000, 0x00000000d3200000)
AC   0  F    TS     0 PTAMS 0x00000000d3200000 NTAMS 0x00000000d3200000 space 1024K,   0% used [0x00000000d3200000, 0x00000000d3300000)
AC   0  F    TS     0 PTAMS 0x00000000d3300000 NTAMS 0x00000000d3300000 space 1024K,   0% used [0x00000000d3300000, 0x00000000d3400000)
AC   0  F    TS     0 PTAMS 0x00000000d3400000 NTAMS 0x00000000d3400000 space 1024K,   0% used [0x00000000d3400000, 0x00000000d3500000)
AC   0  F    TS     0 PTAMS 0x00000000d3500000 NTAMS 0x00000000d3500000 space 1024K,   0% used [0x00000000d3500000, 0x00000000d3600000)
AC   0  F    TS     0 PTAMS 0x00000000d3600000 NTAMS 0x00000000d3600000 space 1024K,   0% used [0x00000000d3600000, 0x00000000d3700000)
AC   0  F    TS     0 PTAMS 0x00000000d3700000 NTAMS 0x00000000d3700000 space 1024K,   0% used [0x00000000d3700000, 0x00000000d3800000)
AC   0  F    TS     0 PTAMS 0x00000000d3800000 NTAMS 0x00000000d3800000 space 1024K,   0% used [0x00000000d3800000, 0x00000000d3900000)
AC   0  F    TS     0 PTAMS 0x00000000d3900000 NTAMS 0x00000000d3900000 space 1024K,   0% used [0x00000000d3900000, 0x00000000d3a00000)
AC   0  F    TS     0 PTAMS 0x00000000d3a00000 NTAMS 0x00000000d3a00000 space 1024K,   0% used [0x00000000d3a00000, 0x00000000d3b00000)
AC   0  F    TS     0 PTAMS 0x00000000d3b00000 NTAMS 0x00000000d3b00000 space 1024K,   0% used [0x00000000d3b00000, 0x00000000d3c00000)
AC   0  F    TS     0 PTAMS 0x00000000d3c00000 NTAMS 0x00000000d3c00000 space 1024K,   0% used [0x00000000d3c00000, 0x00000000d3d00000)
AC   0  F    TS     0 PTAMS 0x00000000d3d00000 NTAMS 0x00000000d3d00000 space 1024K,   0% used [0x00000000d3d00000, 0x00000000d3e00000)
AC   0  F    TS     0 PTAMS 0x00000000d3e00000 NTAMS 0x00000000d3e00000 space 1024K,   0% used [0x00000000d3e00000, 0x00000000d3f00000)
AC   0  F    TS     0 PTAMS 0x00000000d3f00000 NTAMS 0x00000000d3f00000 space 1024K,   0% used [0x00000000d3f00000, 0x00000000d4000000)
AC   0  F    TS     0 PTAMS 0x00000000d4000000 NTAMS 0x00000000d4000000 space 1024K,   0% used [0x00000000d4000000, 0x00000000d4100000)
AC   0  F    TS     0 PTAMS 0x00000000d4100000 NTAMS 0x00000000d4100000 space 1024K,   0% used [0x00000000d4100000, 0x00000000d4200000)
AC   0  F    TS     0 PTAMS 0x00000000d4200000 NTAMS 0x00000000d4200000 space 1024K,   0% used [0x00000000d4200000, 0x00000000d4300000)
AC   0  F    TS     0 PTAMS 0x00000000d4300000 NTAMS 0x00000000d4300000 space 1024K,   0% used [0x00000000d4300000, 0x00000000d4400000)
AC   0  F    TS     0 PTAMS 0x00000000d4400000 NTAMS 0x00000000d4400000 space 1024K,   0% used [0x00000000d4400000, 0x00000000d4500000)
AC   0  F    TS     0 PTAMS 0x00000000d4500000 NTAMS 0x00000000d4500000 space 1024K,   0% used [0x00000000d4500000, 0x00000000d4600000)
AC   0  F    TS     0 PTAMS 0x00000000d4600000 NTAMS 0x00000000d4600000 space 1024K,   0% used [0x00000000d4600000, 0x00000000d4700000)
AC   0  F    TS     0 PTAMS 0x00000000d4700000 NTAMS 0x00000000d4700000 space 1024K,   0% used [0x00000000d4700000, 0x00000000d4800000)
AC   0  F    TS     0 PTAMS 0x00000000d4800000 NTAMS 0x00000000d4800000 space 1024K,   0% used [0x00000000d4800000, 0x00000000d4900000)
AC   0  F    TS     0 PTAMS 0x00000000d4900000 NTAMS 0x00000000d4900000 space 1024K,   0% used [0x00000000d4900000, 0x00000000d4a00000)
AC   0  F    TS     0 PTAMS 0x00000000d4a00000 NTAMS 0x00000000d4a00000 space 1024K,   0% used [0x00000000d4a00000, 0x00000000d4b00000)
AC   0  F    TS     0 PTAMS 0x00000000d4b00000 NTAMS 0x00000000d4b00000 space 1024K,   0% used [0x00000000d4b00000, 0x00000000d4c00000)
AC   0  F    TS     0 PTAMS 0x00000000d4c00000 NTAMS 0x00000000d4c00000 space 1024K,   0% used [0x00000000d4c00000, 0x00000000d4d00000)
AC   0  F    TS     0 PTAMS 0x00000000d4d00000 NTAMS 0x00000000d4d00000 space 1024K,   0% used [0x00000000d4d00000, 0x00000000d4e00000)
AC   0  F    TS     0 PTAMS 0x00000000d4e00000 NTAMS 0x00000000d4e00000 space 1024K,   0% used [0x00000000d4e00000, 0x00000000d4f00000)
AC   0  F    TS     0 PTAMS 0x00000000d4f00000 NTAMS 0x00000000d4f00000 space 1024K,   0% used [0x00000000d4f00000, 0x00000000d5000000)
AC   0  F    TS     0 PTAMS 0x00000000d5000000 NTAMS 0x00000000d5000000 space 1024K,   0% used [0x00000000d5000000, 0x00000000d5100000)
AC   0  F    TS     0 PTAMS 0x00000000d5100000 NTAMS 0x00000000d5100000 space 1024K,   0% used [0x00000000d5100000, 0x00000000d5200000)
AC   0  F    TS     0 PTAMS 0x00000000d5200000 NTAMS 0x00000000d5200000 space 1024K,   0% used [0x00000000d5200000, 0x00000000d5300000)
AC   0  F    TS     0 PTAMS 0x00000000d5300000 NTAMS 0x00000000d5300000 space 1024K,   0% used [0x00000000d5300000, 0x00000000d5400000)
AC   0  F    TS     0 PTAMS 0x00000000d5400000 NTAMS 0x00000000d5400000 space 1024K,   0% used [0x00000000d5400000, 0x00000000d5500000)
AC   0  F    TS     0 PTAMS 0x00000000d5500000 NTAMS 0x00000000d5500000 space 1024K,   0% used [0x00000000d5500000, 0x00000000d5600000)
AC   0  F    TS     0 PTAMS 0x00000000d5600000 NTAMS 0x00000000d5600000 space 1024K,   0% used [0x00000000d5600000, 0x00000000d5700000)
AC   0  F    TS     0 PTAMS 0x00000000d5700000 NTAMS 0x00000000d5700000 space 1024K,   0% used [0x00000000d5700000, 0x00000000d5800000)
AC   0  F    TS     0 PTAMS 0x00000000d5800000 NTAMS 0x00000000d5800000 space 1024K,   0% used [0x00000000d5800000, 0x00000000d5900000)
AC   0  F    TS     0 PTAMS 0x00000000d5900000 NTAMS 0x00000000d5900000 space 1024K,   0% used [0x00000000d5900000, 0x00000000d5a00000)
AC   0  F    TS     0 PTAMS 0x00000000d5a00000 NTAMS 0x00000000d5a00000 space 1024K,   0% used [0x00000000d5a00000, 0x00000000d5b00000)
AC   0  F    TS     0 PTAMS 0x00000000d5b00000 NTAMS 0x00000000d5b00000 space 1024K,   0% used [0x00000000d5b00000, 0x00000000d5c00000)
AC   0  F    TS     0 PTAMS 0x00000000d5c00000 NTAMS 0x00000000d5c00000 space 1024K,   0% used [0x00000000d5c00000, 0x00000000d5d00000)
AC   0  F    TS     0 PTAMS 0x00000000d5d00000 NTAMS 0x00000000d5d00000 space 1024K,   0% used [0x00000000d5d00000, 0x00000000d5e00000)
AC   0  F    TS     0 PTAMS 0x00000000d5e00000 NTAMS 0x00000000d5e00000 space 1024K,   0% used [0x00000000d5e00000, 0x00000000d5f00000)
AC   0  F    TS     0 PTAMS 0x00000000d5f00000 NTAMS 0x00000000d5f00000 space 1024K,   0% used [0x00000000d5f00000, 0x00000000d6000000)
AC   0  F    TS     0 PTAMS 0x00000000d6000000 NTAMS 0x00000000d6000000 space 1024K,   0% used [0x00000000d6000000, 0x00000000d6100000)
AC   0  F    TS     0 PTAMS 0x00000000d6100000 NTAMS 0x00000000d6100000 space 1024K,   0% used [0x00000000d6100000, 0x00000000d6200000)
AC   0  E    TS     0 PTAMS 0x00000000d6200000 NTAMS 0x00000000d6200000 space 1024K,  50% used [0x00000000d6200000, 0x00000000d6300000)
AC   0  E CS TS     0 PTAMS 0x00000000d6300000 NTAMS 0x00000000d6300000 space 1024K, 100% used [0x00000000d6300000, 0x00000000d6400000)
AC   0  E CS TS     0 PTAMS 0x00000000d6400000 NTAMS 0x00000000d6400000 space 1024K, 100% used [0x00000000d6400000, 0x00000000d6500000)
AC   0  E CS TS     0 PTAMS 0x00000000d6500000 NTAMS 0x00000000d6500000 space 1024K, 100% used [0x00000000d6500000, 0x00000000d6600000)
AC   0  E CS TS     0 PTAMS 0x00000000d6600000 NTAMS 0x00000000d6600000 space 1024K, 100% used [0x00000000d6600000, 0x00000000d6700000)
AC   0  E CS TS     0 PTAMS 0x00000000d6700000 NTAMS 0x00000000d6700000 space 1024K, 100% used [0x00000000d6700000, 0x00000000d6800000)
AC   0  E CS TS     0 PTAMS 0x00000000d6800000 NTAMS 0x00000000d6800000 space 1024K, 100% used [0x00000000d6800000, 0x00000000d6900000)
AC   0  E CS TS     0 PTAMS 0x00000000d6900000 NTAMS 0x00000000d6900000 space 1024K, 100% used [0x00000000d6900000, 0x00000000d6a00000)
AC   0  E CS TS     0 PTAMS 0x00000000d6a00000 NTAMS 0x00000000d6a00000 space 1024K, 100% used [0x00000000d6a00000, 0x00000000d6b00000)
AC   0  E CS TS     0 PTAMS 0x00000000d6b00000 NTAMS 0x00000000d6b00000 space 1024K, 100% used [0x00000000d6b00000, 0x00000000d6c00000)
AC   0  E CS TS     0 PTAMS 0x00000000d6c00000 NTAMS 0x00000000d6c00000 space 1024K, 100% used [0x00000000d6c00000, 0x00000000d6d00000)
AC   0  E CS TS     0 PTAMS 0x00000000d6d00000 NTAMS 0x00000000d6d00000 space 1024K, 100% used [0x00000000d6d00000, 0x00000000d6e00000)
AC   0  E CS TS     0 PTAMS 0x00000000d6e00000 NTAMS 0x00000000d6e00000 space 1024K, 100% used [0x00000000d6e00000, 0x00000000d6f00000)
AC   0  E CS TS     0 PTAMS 0x00000000d6f00000 NTAMS 0x00000000d6f00000 space 1024K, 100% used [0x00000000d6f00000, 0x00000000d7000000)
AC   0  E CS TS     0 PTAMS 0x00000000d7000000 NTAMS 0x00000000d7000000 space 1024K, 100% used [0x00000000d7000000, 0x00000000d7100000)
AC   0  E CS TS     0 PTAMS 0x00000000d7100000 NTAMS 0x00000000d7100000 space 1024K, 100% used [0x00000000d7100000, 0x00000000d7200000)
AC   0  E CS TS     0 PTAMS 0x00000000d7200000 NTAMS 0x00000000d7200000 space 1024K, 100% used [0x00000000d7200000, 0x00000000d7300000)
AC   0  E CS TS     0 PTAMS 0x00000000d7300000 NTAMS 0x00000000d7300000 space 1024K, 100% used [0x00000000d7300000, 0x00000000d7400000)
AC   0  E CS TS     0 PTAMS 0x00000000d7400000 NTAMS 0x00000000d7400000 space 1024K, 100% used [0x00000000d7400000, 0x00000000d7500000)
AC   0  E CS TS     0 PTAMS 0x00000000d7500000 NTAMS 0x00000000d7500000 space 1024K, 100% used [0x00000000d7500000, 0x00000000d7600000)
AC   0  E CS TS     0 PTAMS 0x00000000d7600000 NTAMS 0x00000000d7600000 space 1024K, 100% used [0x00000000d7600000, 0x00000000d7700000)
AC   0  E CS TS     0 PTAMS 0x00000000d7700000 NTAMS 0x00000000d7700000 space 1024K, 100% used [0x00000000d7700000, 0x00000000d7800000)
AC   0  E CS TS     0 PTAMS 0x00000000d7800000 NTAMS 0x00000000d7800000 space 1024K, 100% used [0x00000000d7800000, 0x00000000d7900000)
AC   0  E CS TS     0 PTAMS 0x00000000d7900000 NTAMS 0x00000000d7900000 space 1024K, 100% used [0x00000000d7900000, 0x00000000d7a00000)
AC   0  E CS TS     0 PTAMS 0x00000000d7a00000 NTAMS 0x00000000d7a00000 space 1024K, 100% used [0x00000000d7a00000, 0x00000000d7b00000)
AC   0  E CS TS     0 PTAMS 0x00000000d7b00000 NTAMS 0x00000000d7b00000 space 1024K, 100% used [0x00000000d7b00000, 0x00000000d7c00000)
AC   0  E CS TS     0 PTAMS 0x00000000d7c00000 NTAMS 0x00000000d7c00000 space 1024K, 100% used [0x00000000d7c00000, 0x00000000d7d00000)
AC   0  E CS TS     0 PTAMS 0x00000000d7d00000 NTAMS 0x00000000d7d00000 space 1024K, 100% used [0x00000000d7d00000, 0x00000000d7e00000)
AC   0  E CS TS     0 PTAMS 0x00000000d7e00000 NTAMS 0x00000000d7e00000 space 1024K, 100% used [0x00000000d7e00000, 0x00000000d7f00000)
AC   0  E CS TS     0 PTAMS 0x00000000d7f00000 NTAMS 0x00000000d7f00000 space 1024K, 100% used [0x00000000d7f00000, 0x00000000d8000000)
AC   0  E CS TS     0 PTAMS 0x00000000d8000000 NTAMS 0x00000000d8000000 space 1024K, 100% used [0x00000000d8000000, 0x00000000d8100000)
AC   0  E CS TS     0 PTAMS 0x00000000d8100000 NTAMS 0x00000000d8100000 space 1024K, 100% used [0x00000000d8100000, 0x00000000d8200000)
AC   0  E CS TS     0 PTAMS 0x00000000d8200000 NTAMS 0x00000000d8200000 space 1024K, 100% used [0x00000000d8200000, 0x00000000d8300000)
AC   0  S CS TS     5 PTAMS 0x00000000d8300000 NTAMS 0x00000000d8300000 space 1024K, 100% used [0x00000000d8300000, 0x00000000d8400000)
AC   0  S CS TS     5 PTAMS 0x00000000d8400000 NTAMS 0x00000000d8400000 space 1024K, 100% used [0x00000000d8400000, 0x00000000d8500000)
AC   0  S CS TS     5 PTAMS 0x00000000d8500000 NTAMS 0x00000000d8500000 space 1024K, 100% used [0x00000000d8500000, 0x00000000d8600000)
AC   0  E CS TS     0 PTAMS 0x00000000d8600000 NTAMS 0x00000000d8600000 space 1024K, 100% used [0x00000000d8600000, 0x00000000d8700000)
AC   0  E CS TS     0 PTAMS 0x00000000d8700000 NTAMS 0x00000000d8700000 space 1024K, 100% used [0x00000000d8700000, 0x00000000d8800000)
AC   0  E CS TS     0 PTAMS 0x00000000d8800000 NTAMS 0x00000000d8800000 space 1024K, 100% used [0x00000000d8800000, 0x00000000d8900000)
AC   0  E CS TS     0 PTAMS 0x00000000d8900000 NTAMS 0x00000000d8900000 space 1024K, 100% used [0x00000000d8900000, 0x00000000d8a00000)
AC   0  E CS TS     0 PTAMS 0x00000000d8a00000 NTAMS 0x00000000d8a00000 space 1024K, 100% used [0x00000000d8a00000, 0x00000000d8b00000)
AC   0  E CS TS     0 PTAMS 0x00000000d8b00000 NTAMS 0x00000000d8b00000 space 1024K, 100% used [0x00000000d8b00000, 0x00000000d8c00000)
AC   0  E CS TS     0 PTAMS 0x00000000d8c00000 NTAMS 0x00000000d8c00000 space 1024K, 100% used [0x00000000d8c00000, 0x00000000d8d00000)
AC   0  E CS TS     0 PTAMS 0x00000000d8d00000 NTAMS 0x00000000d8d00000 space 1024K, 100% used [0x00000000d8d00000, 0x00000000d8e00000)
AC   0  E CS TS     3 PTAMS 0x00000000d8e00000 NTAMS 0x00000000d8e00000 space 1024K, 100% used [0x00000000d8e00000, 0x00000000d8f00000)
AC   0  E CS TS     3 PTAMS 0x00000000d8f00000 NTAMS 0x00000000d8f00000 space 1024K, 100% used [0x00000000d8f00000, 0x00000000d9000000)
AC   0  E CS TS     3 PTAMS 0x00000000d9000000 NTAMS 0x00000000d9000000 space 1024K, 100% used [0x00000000d9000000, 0x00000000d9100000)
AC   0  E CS TS     0 PTAMS 0x00000000d9100000 NTAMS 0x00000000d9100000 space 1024K, 100% used [0x00000000d9100000, 0x00000000d9200000)
AC   0  E CS TS     0 PTAMS 0x00000000d9200000 NTAMS 0x00000000d9200000 space 1024K, 100% used [0x00000000d9200000, 0x00000000d9300000)
AC   0  E CS TS     0 PTAMS 0x00000000d9300000 NTAMS 0x00000000d9300000 space 1024K, 100% used [0x00000000d9300000, 0x00000000d9400000)
AC   0  E CS TS     0 PTAMS 0x00000000d9400000 NTAMS 0x00000000d9400000 space 1024K, 100% used [0x00000000d9400000, 0x00000000d9500000)
AC   0  E CS TS     0 PTAMS 0x00000000d9500000 NTAMS 0x00000000d9500000 space 1024K, 100% used [0x00000000d9500000, 0x00000000d9600000)
AC   0  E CS TS     0 PTAMS 0x00000000d9600000 NTAMS 0x00000000d9600000 space 1024K, 100% used [0x00000000d9600000, 0x00000000d9700000)
AC   0  E CS TS     0 PTAMS 0x00000000d9700000 NTAMS 0x00000000d9700000 space 1024K, 100% used [0x00000000d9700000, 0x00000000d9800000)
AC   0  E CS TS     0 PTAMS 0x00000000d9800000 NTAMS 0x00000000d9800000 space 1024K, 100% used [0x00000000d9800000, 0x00000000d9900000)
AC   0  E CS TS     0 PTAMS 0x00000000d9900000 NTAMS 0x00000000d9900000 space 1024K, 100% used [0x00000000d9900000, 0x00000000d9a00000)

Card table byte_map: [0x00000000144f0000,0x00000000146f0000] byte_map_base: 0x0000000013ef0000

Marking Bits (Prev, Next): (CMBitMap*) 0x00000000032f3430, (CMBitMap*) 0x00000000032f33d8
 Prev Bits: [0x00000000158f0000, 0x00000000168f0000)
 Next Bits: [0x00000000148f0000, 0x00000000158f0000)

Polling page: 0x00000000009f0000

CodeCache: size=245760Kb used=109853Kb max_used=109874Kb free=135906Kb
 bounds [0x00000000033a0000, 0x0000000009fb0000, 0x00000000123a0000]
 total_blobs=27370 nmethods=26310 adapters=967
 compilation: enabled

Compilation events (10 events):
Event: 949.979 Thread 0x00000000199d8000 36431       4       java.text.MessageFormat::subformat (546 bytes)
Event: 949.979 Thread 0x00000000199d9000 36433       4       org.eclipse.e4.core.internal.contexts.EclipseContext::getActiveLeaf (25 bytes)
Event: 949.980 Thread 0x0000000019a5c000 nmethod 36430 0x0000000009f6fd10 code [0x0000000009f702e0, 0x0000000009f74518]
Event: 949.985 Thread 0x00000000199d9000 nmethod 36433 0x00000000042e0cd0 code [0x00000000042e0e60, 0x00000000042e0ff0]
Event: 949.987 Thread 0x0000000019a5c000 36435       1       org.eclipse.core.commands.AbstractHandler::setEnabled (1 bytes)
Event: 949.987 Thread 0x0000000019a5c000 nmethod 36435 0x000000000597b6d0 code [0x000000000597b820, 0x000000000597b930]
Event: 949.996 Thread 0x0000000019a5c000 36434       3       org.eclipse.e4.ui.internal.services.ActiveContextsFunction::compute (97 bytes)
Event: 949.998 Thread 0x0000000019a5c000 nmethod 36434 0x00000000077ce710 code [0x00000000077cea00, 0x00000000077d0478]
Event: 949.998 Thread 0x0000000019a5c000 36432       3       org.eclipse.swt.widgets.ToolItem::setToolTipText (10 bytes)
Event: 949.999 Thread 0x0000000019a5c000 nmethod 36432 0x000000000773e050 code [0x000000000773e1c0, 0x000000000773e428]

GC Heap History (10 events):
Event: 775.631 GC heap before
{Heap before GC invocations=123 (full 0):
 garbage-first heap   total 419840K, used 358546K [0x00000000c0000000, 0x00000000c0100cd0, 0x0000000100000000)
  region size 1024K, 170 young (174080K), 17 survivors (17408K)
 Metaspace       used 204374K, capacity 224324K, committed 224512K, reserved 1243136K
  class space    used 24446K, capacity 29892K, committed 29952K, reserved 1048576K
Event: 775.650 GC heap after
Heap after GC invocations=124 (full 0):
 garbage-first heap   total 419840K, used 195730K [0x00000000c0000000, 0x00000000c0100cd0, 0x0000000100000000)
  region size 1024K, 11 young (11264K), 11 survivors (11264K)
 Metaspace       used 204374K, capacity 224324K, committed 224512K, reserved 1243136K
  class space    used 24446K, capacity 29892K, committed 29952K, reserved 1048576K
}
Event: 776.913 GC heap before
{Heap before GC invocations=124 (full 0):
 garbage-first heap   total 419840K, used 333669K [0x00000000c0000000, 0x00000000c0100cd0, 0x0000000100000000)
  region size 1024K, 145 young (148480K), 11 survivors (11264K)
 Metaspace       used 204444K, capacity 224452K, committed 224512K, reserved 1243136K
  class space    used 24446K, capacity 29892K, committed 29952K, reserved 1048576K
Event: 776.934 GC heap after
Heap after GC invocations=125 (full 0):
 garbage-first heap   total 419840K, used 200188K [0x00000000c0000000, 0x00000000c0100cd0, 0x0000000100000000)
  region size 1024K, 15 young (15360K), 15 survivors (15360K)
 Metaspace       used 204444K, capacity 224452K, committed 224512K, reserved 1243136K
  class space    used 24446K, capacity 29892K, committed 29952K, reserved 1048576K
}
Event: 778.005 GC heap before
{Heap before GC invocations=126 (full 0):
 garbage-first heap   total 419840K, used 364695K [0x00000000c0000000, 0x00000000c0100cd0, 0x0000000100000000)
  region size 1024K, 171 young (175104K), 15 survivors (15360K)
 Metaspace       used 201342K, capacity 221152K, committed 224512K, reserved 1243136K
  class space    used 23931K, capacity 29297K, committed 29952K, reserved 1048576K
Event: 778.038 GC heap after
Heap after GC invocations=127 (full 0):
 garbage-first heap   total 419840K, used 195730K [0x00000000c0000000, 0x00000000c0100cd0, 0x0000000100000000)
  region size 1024K, 11 young (11264K), 11 survivors (11264K)
 Metaspace       used 201342K, capacity 221152K, committed 224512K, reserved 1243136K
  class space    used 23931K, capacity 29297K, committed 29952K, reserved 1048576K
}
Event: 783.674 GC heap before
{Heap before GC invocations=127 (full 0):
 garbage-first heap   total 419840K, used 204946K [0x00000000c0000000, 0x00000000c0100cd0, 0x0000000100000000)
  region size 1024K, 20 young (20480K), 11 survivors (11264K)
 Metaspace       used 201437K, capacity 221264K, committed 224768K, reserved 1245184K
  class space    used 23945K, capacity 29305K, committed 29952K, reserved 1048576K
Event: 783.724 GC heap after
Heap after GC invocations=128 (full 0):
 garbage-first heap   total 419840K, used 178198K [0x00000000c0000000, 0x00000000c0100cd0, 0x0000000100000000)
  region size 1024K, 3 young (3072K), 3 survivors (3072K)
 Metaspace       used 201437K, capacity 221264K, committed 224768K, reserved 1245184K
  class space    used 23945K, capacity 29305K, committed 29952K, reserved 1048576K
}
Event: 789.173 GC heap before
{Heap before GC invocations=128 (full 0):
 garbage-first heap   total 419840K, used 195606K [0x00000000c0000000, 0x00000000c0100cd0, 0x0000000100000000)
  region size 1024K, 20 young (20480K), 3 survivors (3072K)
 Metaspace       used 201593K, capacity 221522K, committed 224768K, reserved 1245184K
  class space    used 23965K, capacity 29316K, committed 29952K, reserved 1048576K
Event: 789.197 GC heap after
Heap after GC invocations=129 (full 0):
 garbage-first heap   total 419840K, used 180352K [0x00000000c0000000, 0x00000000c0100cd0, 0x0000000100000000)
  region size 1024K, 3 young (3072K), 3 survivors (3072K)
 Metaspace       used 201593K, capacity 221522K, committed 224768K, reserved 1245184K
  class space    used 23965K, capacity 29316K, committed 29952K, reserved 1048576K
}

Deoptimization events (10 events):
Event: 792.055 Thread 0x00000000032a3800 Uncommon trap: reason=class_check action=maybe_recompile pc=0x0000000009e70508 method=org.eclipse.jface.viewers.ColumnViewer.getViewerColumn(I)Lorg/eclipse/jface/viewers/ViewerColumn; @ 38
Event: 797.904 Thread 0x00000000032a3800 Uncommon trap: reason=class_check action=maybe_recompile pc=0x0000000009750f74 method=java.util.Spliterators$ArraySpliterator.tryAdvance(Ljava/util/function/Consumer;)Z @ 49
Event: 797.904 Thread 0x00000000032a3800 Uncommon trap: reason=class_check action=maybe_recompile pc=0x0000000009750f74 method=java.util.Spliterators$ArraySpliterator.tryAdvance(Ljava/util/function/Consumer;)Z @ 49
Event: 797.905 Thread 0x00000000032a3800 Uncommon trap: reason=class_check action=maybe_recompile pc=0x0000000009750f74 method=java.util.Spliterators$ArraySpliterator.tryAdvance(Ljava/util/function/Consumer;)Z @ 49
Event: 797.905 Thread 0x00000000032a3800 Uncommon trap: reason=class_check action=maybe_recompile pc=0x0000000009750f74 method=java.util.Spliterators$ArraySpliterator.tryAdvance(Ljava/util/function/Consumer;)Z @ 49
Event: 797.905 Thread 0x00000000032a3800 Uncommon trap: reason=class_check action=maybe_recompile pc=0x0000000004da85c4 method=java.util.stream.ReferencePipeline.forEachWithCancel(Ljava/util/Spliterator;Ljava/util/stream/Sink;)V @ 1
Event: 798.256 Thread 0x00000000032a3800 Uncommon trap: reason=class_check action=maybe_recompile pc=0x0000000009e70508 method=org.eclipse.jface.viewers.ColumnViewer.getViewerColumn(I)Lorg/eclipse/jface/viewers/ViewerColumn; @ 38
Event: 798.442 Thread 0x00000000032a3800 Uncommon trap: reason=class_check action=maybe_recompile pc=0x0000000009e70508 method=org.eclipse.jface.viewers.ColumnViewer.getViewerColumn(I)Lorg/eclipse/jface/viewers/ViewerColumn; @ 38
Event: 798.571 Thread 0x00000000032a3800 Uncommon trap: reason=class_check action=maybe_recompile pc=0x0000000009e70508 method=org.eclipse.jface.viewers.ColumnViewer.getViewerColumn(I)Lorg/eclipse/jface/viewers/ViewerColumn; @ 38
Event: 831.396 Thread 0x00000000032a3800 Uncommon trap: reason=unstable_if action=reinterpret pc=0x0000000003e5bfd8 method=org.eclipse.swt.widgets.Display.foregroundIdleProc(JJJ)J @ 21

Classes redefined (0 events):
No events

Internal exceptions (10 events):
Event: 775.869 Thread 0x0000000020102800 Exception <a 'java/io/IOException'> (0x00000000d86e6cc8) thrown at [C:\re\workspace\8-2-build-windows-amd64-cygwin\jdk8u211\12973\hotspot\src\share\vm\prims\jni.cpp, line 710]
Event: 775.888 Thread 0x0000000020102800 Exception <a 'java/io/IOException'> (0x00000000d8473960) thrown at [C:\re\workspace\8-2-build-windows-amd64-cygwin\jdk8u211\12973\hotspot\src\share\vm\prims\jni.cpp, line 710]
Event: 775.902 Thread 0x0000000020102800 Exception <a 'java/io/IOException'> (0x00000000d82e9060) thrown at [C:\re\workspace\8-2-build-windows-amd64-cygwin\jdk8u211\12973\hotspot\src\share\vm\prims\jni.cpp, line 710]
Event: 775.915 Thread 0x0000000020102800 Exception <a 'java/io/IOException'> (0x00000000d7f52db0) thrown at [C:\re\workspace\8-2-build-windows-amd64-cygwin\jdk8u211\12973\hotspot\src\share\vm\prims\jni.cpp, line 710]
Event: 777.860 Thread 0x0000000020102800 Exception <a 'java/io/FileNotFoundException'> (0x00000000cef51c68) thrown at [C:\re\workspace\8-2-build-windows-amd64-cygwin\jdk8u211\12973\hotspot\src\share\vm\prims\jni.cpp, line 710]
Event: 783.895 Thread 0x00000000032a3800 Implicit null exception at 0x0000000009149b4b to 0x000000000914c96d
Event: 783.980 Thread 0x00000000032a3800 Implicit null exception at 0x000000000459fc93 to 0x000000000459fd55
Event: 784.215 Thread 0x00000000032a3800 Implicit null exception at 0x0000000004f044dc to 0x0000000004f057cd
Event: 784.216 Thread 0x00000000032a3800 Implicit null exception at 0x00000000057ab4a0 to 0x00000000057ab55d
Event: 788.237 Thread 0x00000000032a3800 Implicit null exception at 0x000000000420173d to 0x00000000042017a1

Events (10 events):
Event: 941.858 Thread 0x0000000019a5c000 flushing nmethod 0x0000000006365b50
Event: 941.858 Thread 0x0000000019a5c000 flushing nmethod 0x0000000006401b10
Event: 941.859 Thread 0x0000000019a5c000 flushing nmethod 0x0000000006569d50
Event: 942.469 Thread 0x00000000199d8000 flushing nmethod 0x0000000007037b50
Event: 949.952 Thread 0x0000000019a5c000 flushing nmethod 0x00000000076dad50
Event: 949.952 Thread 0x0000000019a5c000 flushing nmethod 0x00000000076db210
Event: 949.953 Thread 0x0000000019a5c000 flushing nmethod 0x000000000773e050
Event: 949.953 Thread 0x0000000019a5c000 flushing nmethod 0x00000000077491d0
Event: 949.953 Thread 0x0000000019a5c000 flushing nmethod 0x00000000077ce450
Event: 949.993 Thread 0x0000000019a5c000 flushing nmethod 0x000000000998c910


Dynamic libraries:
0x00007ff6be420000 - 0x00007ff6be457000 	C:\Program Files\Java\jdk1.8.0_211\bin\javaw.exe
0x00007ff89f3c0000 - 0x00007ff89f5b0000 	C:\WINDOWS\SYSTEM32\ntdll.dll
0x00007ff89db30000 - 0x00007ff89dbe2000 	C:\WINDOWS\System32\KERNEL32.DLL
0x00007ff89c7f0000 - 0x00007ff89ca93000 	C:\WINDOWS\System32\KERNELBASE.dll
0x00007ff89d9d0000 - 0x00007ff89da73000 	C:\WINDOWS\System32\ADVAPI32.dll
0x00007ff89dbf0000 - 0x00007ff89dc8e000 	C:\WINDOWS\System32\msvcrt.dll
0x00007ff89f200000 - 0x00007ff89f297000 	C:\WINDOWS\System32\sechost.dll
0x00007ff89dd30000 - 0x00007ff89de50000 	C:\WINDOWS\System32\RPCRT4.dll
0x00007ff89eab0000 - 0x00007ff89ec44000 	C:\WINDOWS\System32\USER32.dll
0x00007ff89d440000 - 0x00007ff89d461000 	C:\WINDOWS\System32\win32u.dll
0x00007ff89db00000 - 0x00007ff89db26000 	C:\WINDOWS\System32\GDI32.dll
0x00007ff89d220000 - 0x00007ff89d3b4000 	C:\WINDOWS\System32\gdi32full.dll
0x00007ff89c600000 - 0x00007ff89c69e000 	C:\WINDOWS\System32\msvcp_win.dll
0x00007ff89c450000 - 0x00007ff89c54a000 	C:\WINDOWS\System32\ucrtbase.dll
0x00007ff88e7b0000 - 0x00007ff88ea35000 	C:\WINDOWS\WinSxS\amd64_microsoft.windows.common-controls_6595b64144ccf1df_6.0.18362.535_none_e6c3b34713100821\COMCTL32.dll
0x00007ff89d470000 - 0x00007ff89d7a6000 	C:\WINDOWS\System32\combase.dll
0x00007ff89d3c0000 - 0x00007ff89d440000 	C:\WINDOWS\System32\bcryptPrimitives.dll
0x00007ff89dc90000 - 0x00007ff89dcbe000 	C:\WINDOWS\System32\IMM32.DLL
0x000000005e9c0000 - 0x000000005ea92000 	C:\Program Files\Java\jdk1.8.0_211\jre\bin\msvcr100.dll
0x000000005e110000 - 0x000000005e9b5000 	C:\Program Files\Java\jdk1.8.0_211\jre\bin\server\jvm.dll
0x00007ff89d7b0000 - 0x00007ff89d7b8000 	C:\WINDOWS\System32\PSAPI.DLL
0x00007ff893630000 - 0x00007ff89363a000 	C:\WINDOWS\SYSTEM32\VERSION.dll
0x00007ff8913c0000 - 0x00007ff8913c9000 	C:\WINDOWS\SYSTEM32\WSOCK32.dll
0x00007ff89dcc0000 - 0x00007ff89dd2f000 	C:\WINDOWS\System32\WS2_32.dll
0x00007ff893640000 - 0x00007ff893664000 	C:\WINDOWS\SYSTEM32\WINMM.dll
0x00007ff893600000 - 0x00007ff89362d000 	C:\WINDOWS\SYSTEM32\winmmbase.dll
0x00007ff89c380000 - 0x00007ff89c3ca000 	C:\WINDOWS\System32\cfgmgr32.dll
0x00007ff892760000 - 0x00007ff89276f000 	C:\Program Files\Java\jdk1.8.0_211\jre\bin\verify.dll
0x00007ff86f6f0000 - 0x00007ff86f719000 	C:\Program Files\Java\jdk1.8.0_211\jre\bin\java.dll
0x00007ff86ee40000 - 0x00007ff86ee63000 	C:\Program Files\Java\jdk1.8.0_211\jre\bin\instrument.dll
0x00007ff87e1c0000 - 0x00007ff87e1d6000 	C:\Program Files\Java\jdk1.8.0_211\jre\bin\zip.dll
0x00007ff89df20000 - 0x00007ff89e605000 	C:\WINDOWS\System32\SHELL32.dll
0x00007ff89f150000 - 0x00007ff89f1f9000 	C:\WINDOWS\System32\shcore.dll
0x00007ff89caa0000 - 0x00007ff89d21f000 	C:\WINDOWS\System32\windows.storage.dll
0x00007ff89c330000 - 0x00007ff89c34f000 	C:\WINDOWS\System32\profapi.dll
0x00007ff89c2a0000 - 0x00007ff89c2ea000 	C:\WINDOWS\System32\powrprof.dll
0x00007ff89c290000 - 0x00007ff89c2a0000 	C:\WINDOWS\System32\UMPDC.dll
0x00007ff89f2a0000 - 0x00007ff89f2f2000 	C:\WINDOWS\System32\shlwapi.dll
0x00007ff89c2f0000 - 0x00007ff89c301000 	C:\WINDOWS\System32\kernel.appcore.dll
0x00007ff89c3d0000 - 0x00007ff89c3e7000 	C:\WINDOWS\System32\cryptsp.dll
0x00007ff89b610000 - 0x00007ff89b643000 	C:\WINDOWS\system32\rsaenh.dll
0x00007ff89c350000 - 0x00007ff89c376000 	C:\WINDOWS\System32\bcrypt.dll
0x00007ff89c1b0000 - 0x00007ff89c1d5000 	C:\WINDOWS\SYSTEM32\USERENV.dll
0x00007ff89bc70000 - 0x00007ff89bc7c000 	C:\WINDOWS\SYSTEM32\CRYPTBASE.dll
0x00007ff87b720000 - 0x00007ff87b73a000 	C:\Program Files\Java\jdk1.8.0_211\jre\bin\net.dll
0x00007ff8921b0000 - 0x00007ff892386000 	C:\WINDOWS\SYSTEM32\urlmon.dll
0x00007ff891e10000 - 0x00007ff8920b6000 	C:\WINDOWS\SYSTEM32\iertutil.dll
0x00007ff89baa0000 - 0x00007ff89bb07000 	C:\WINDOWS\system32\mswsock.dll
0x00007ff89b7b0000 - 0x00007ff89b7ea000 	C:\WINDOWS\SYSTEM32\IPHLPAPI.DLL
0x00007ff89ec50000 - 0x00007ff89ec58000 	C:\WINDOWS\System32\NSI.dll
0x00007ff895780000 - 0x00007ff895796000 	C:\WINDOWS\SYSTEM32\dhcpcsvc6.DLL
0x00007ff895600000 - 0x00007ff89561c000 	C:\WINDOWS\SYSTEM32\dhcpcsvc.DLL
0x00007ff89b7f0000 - 0x00007ff89b8ba000 	C:\WINDOWS\SYSTEM32\DNSAPI.dll
0x00007ff875980000 - 0x00007ff875992000 	C:\Program Files\Java\jdk1.8.0_211\jre\bin\nio.dll
0x00007ff874d30000 - 0x00007ff874d59000 	C:\Users\14qkr\.p2\pool\plugins\org.eclipse.equinox.launcher.win32.win32.x86_64_1.1.1000.v20190125-2016\eclipse_1801.dll
0x00007ff89a130000 - 0x00007ff89a1c9000 	C:\WINDOWS\system32\uxtheme.dll
0x00007ff89e620000 - 0x00007ff89e755000 	C:\WINDOWS\System32\MSCTF.dll
0x00007ff89e9e0000 - 0x00007ff89eaa4000 	C:\WINDOWS\System32\OLEAUT32.dll
0x00007ff89e760000 - 0x00007ff89e8b6000 	C:\WINDOWS\System32\ole32.dll
0x00007ff8765f0000 - 0x00007ff876746000 	C:\WINDOWS\SYSTEM32\Opengl32.dll
0x00007ff876d10000 - 0x00007ff876d3c000 	C:\WINDOWS\SYSTEM32\GLU32.dll
0x00007ff89af00000 - 0x00007ff89af20000 	C:\WINDOWS\SYSTEM32\dxcore.dll
0x00007ff86d520000 - 0x00007ff86d5b2000 	C:\Users\14qkr\eclipse\jee-2019-06\eclipse\configuration\org.eclipse.osgi\731\0\.cp\swt-win32-4926r21.dll
0x00007ff89de50000 - 0x00007ff89df20000 	C:\WINDOWS\System32\COMDLG32.dll
0x00007ff89c6a0000 - 0x00007ff89c7e9000 	C:\WINDOWS\System32\CRYPT32.dll
0x00007ff89c310000 - 0x00007ff89c322000 	C:\WINDOWS\System32\MSASN1.dll
0x00007ff88ce90000 - 0x00007ff88d366000 	C:\WINDOWS\SYSTEM32\WININET.dll
0x00007ff899e00000 - 0x00007ff899eef000 	C:\WINDOWS\SYSTEM32\PROPSYS.dll
0x00007ff87d210000 - 0x00007ff87d299000 	C:\WINDOWS\SYSTEM32\WINSPOOL.DRV
0x00007ff893000000 - 0x00007ff893019000 	C:\WINDOWS\SYSTEM32\USP10.dll
0x00007ff8816f0000 - 0x00007ff8816f7000 	C:\WINDOWS\SYSTEM32\MSIMG32.dll
0x00007ff89e930000 - 0x00007ff89e9d2000 	C:\WINDOWS\System32\clbcatq.dll
0x00007ff888890000 - 0x00007ff88889d000 	C:\WINDOWS\SYSTEM32\LINKINFO.dll
0x00007ff876240000 - 0x00007ff8763d5000 	C:\Windows\System32\TaskFlowDataEngine.dll
0x00007ff897c40000 - 0x00007ff897d93000 	C:\WINDOWS\SYSTEM32\wintypes.dll
0x00007ff88c390000 - 0x00007ff88c8d5000 	C:\Windows\System32\cdp.dll
0x00007ff8920c0000 - 0x00007ff89218f000 	C:\Windows\System32\dsreg.dll
0x00007ff895620000 - 0x00007ff8956aa000 	C:\Windows\System32\msvcp110_win.dll
0x00007ff8946b0000 - 0x00007ff894729000 	C:\Windows\System32\OneCoreCommonProxyStub.dll
0x00007ff86ee10000 - 0x00007ff86ee36000 	C:\Users\14qkr\eclipse\jee-2019-06\eclipse\configuration\org.eclipse.osgi\731\0\.cp\swt-gdip-win32-4926r21.dll
0x00007ff87df20000 - 0x00007ff87e0c3000 	C:\WINDOWS\WinSxS\amd64_microsoft.windows.gdiplus_6595b64144ccf1df_1.1.18362.535_none_17aea62c6da281ef\gdiplus.dll
0x00007ff8862b0000 - 0x00007ff88645f000 	C:\WINDOWS\SYSTEM32\WindowsCodecs.dll
0x0000000180000000 - 0x0000000180012000 	C:\Users\14qkr\eclipse\jee-2019-06\eclipse\configuration\org.eclipse.osgi\119\0\.cp\os\win32\x86_64\localfile_1_0_0.dll
0x00007ff886160000 - 0x00007ff886176000 	C:\WINDOWS\system32\napinsp.dll
0x00007ff8860d0000 - 0x00007ff8860ea000 	C:\WINDOWS\system32\pnrpnsp.dll
0x00007ff8860c0000 - 0x00007ff8860ce000 	C:\WINDOWS\System32\winrnr.dll
0x00007ff895d60000 - 0x00007ff895d7c000 	C:\WINDOWS\system32\NLAapi.dll
0x00007ff8860a0000 - 0x00007ff8860b5000 	C:\WINDOWS\system32\wshbth.dll
0x00007ff8956b0000 - 0x00007ff8956ba000 	C:\Windows\System32\rasadhlp.dll
0x00007ff895400000 - 0x00007ff895477000 	C:\WINDOWS\System32\fwpuclnt.dll
0x00007ff87e530000 - 0x00007ff87e541000 	C:\Users\14qkr\eclipse\jee-2019-06\eclipse\configuration\org.eclipse.osgi\122\0\.cp\jWinHttp-1.0.0.dll
0x00007ff898580000 - 0x00007ff898670000 	C:\WINDOWS\SYSTEM32\WINHTTP.dll
0x00007ff87e0d0000 - 0x00007ff87e135000 	C:\WINDOWS\SYSTEM32\oleacc.dll
0x00007ff86ed80000 - 0x00007ff86eda4000 	C:\Program Files\Java\jdk1.8.0_211\jre\bin\sunec.dll
0x00007ff87a220000 - 0x00007ff87a25a000 	C:\WINDOWS\system32\dataexchange.dll
0x00007ff8996d0000 - 0x00007ff8998ab000 	C:\WINDOWS\system32\dcomp.dll
0x00007ff899010000 - 0x00007ff89926b000 	C:\WINDOWS\system32\d3d11.dll
0x00007ff89af90000 - 0x00007ff89b07b000 	C:\WINDOWS\system32\dxgi.dll
0x00007ff89a200000 - 0x00007ff89a45a000 	C:\WINDOWS\system32\twinapi.appcore.dll
0x00007ff89a660000 - 0x00007ff89a689000 	C:\WINDOWS\system32\RMCLIENT.dll
0x00007ff870700000 - 0x00007ff870741000 	C:\WINDOWS\system32\mlang.dll
0x00007ff8792e0000 - 0x00007ff8794e5000 	C:\WINDOWS\system32\explorerframe.dll
0x00007ff885da0000 - 0x00007ff88609e000 	C:\WINDOWS\SYSTEM32\DWrite.dll
0x00007ff887dd0000 - 0x00007ff887e6e000 	C:\WINDOWS\System32\TextInputFramework.dll
0x00007ff899c20000 - 0x00007ff899cf4000 	C:\WINDOWS\System32\CoreMessaging.dll
0x00007ff887980000 - 0x00007ff887caa000 	C:\WINDOWS\System32\CoreUIComponents.dll
0x00007ff89b2f0000 - 0x00007ff89b321000 	C:\WINDOWS\SYSTEM32\ntmarta.dll
0x00007ff856f70000 - 0x00007ff85703f000 	C:\Windows\System32\IME\IMEKR\imkrtip.dll
0x00007ff856e30000 - 0x00007ff856f69000 	C:\Windows\System32\IME\shared\imetip.dll
0x00007ff85e290000 - 0x00007ff85e443000 	C:\WINDOWS\SYSTEM32\DUI70.dll
0x00007ff856df0000 - 0x00007ff856e2d000 	C:\Windows\System32\IME\IMEKR\imkrapi.dll
0x00007ff856db0000 - 0x00007ff856dec000 	C:\Windows\System32\IME\shared\imjkapi.dll
0x00007ff891950000 - 0x00007ff89195b000 	C:\Program Files\Java\jdk1.8.0_211\jre\bin\sunmscapi.dll
0x00007ff87b100000 - 0x00007ff87b120000 	C:\WINDOWS\SYSTEM32\CLDAPI.dll
0x00007ff88dee0000 - 0x00007ff88deea000 	C:\WINDOWS\SYSTEM32\FLTLIB.DLL
0x00007ff89c180000 - 0x00007ff89c1af000 	C:\WINDOWS\SYSTEM32\SspiCli.dll
0x00007ff881e90000 - 0x00007ff881fc5000 	C:\Windows\System32\Windows.StateRepositoryPS.dll
0x00007ff89a020000 - 0x00007ff89a0af000 	C:\WINDOWS\SYSTEM32\apphelp.dll
0x00007ff87e140000 - 0x00007ff87e1be000 	C:\WINDOWS\system32\ntshrui.dll
0x00007ff888e60000 - 0x00007ff888e86000 	C:\WINDOWS\system32\srvcli.dll
0x00007ff888e40000 - 0x00007ff888e52000 	C:\WINDOWS\SYSTEM32\cscapi.dll
0x00007ff89b8c0000 - 0x00007ff89b8cc000 	C:\WINDOWS\system32\netutils.dll
0x00007ff873740000 - 0x00007ff873768000 	C:\WINDOWS\system32\mssprxy.dll
0x00007ff89f300000 - 0x00007ff89f376000 	C:\WINDOWS\System32\coml2.dll
0x00007ff894ac0000 - 0x00007ff894adb000 	C:\WINDOWS\SYSTEM32\MPR.dll
0x00007ff86c8c0000 - 0x00007ff86c8cb000 	C:\WINDOWS\System32\drprov.dll
0x00007ff89bda0000 - 0x00007ff89bdfc000 	C:\WINDOWS\System32\WINSTA.dll
0x00007ff867170000 - 0x00007ff867185000 	C:\WINDOWS\System32\ntlanman.dll

VM Arguments:
jvm_args: -Dosgi.requiredJavaVersion=1.8 -Dosgi.instance.area.default=@user.home/eclipse-workspace -XX:+UseG1GC -XX:+UseStringDeduplication -Dosgi.requiredJavaVersion=1.8 -Dosgi.dataAreaRequiresExplicitInit=true -Xms256m -Xmx1024m -Declipse.p2.max.threads=10 -Doomph.update.url=http://download.eclipse.org/oomph/updates/milestone/latest -Doomph.redirection.index.redirection=index:/->http://git.eclipse.org/c/oomph/org.eclipse.oomph.git/plain/setups/ -javaagent:C:\Users\14qkr\eclipse\jee-2019-06\eclipse\lombok.jar 
java_command: C:\Users\14qkr\eclipse\jee-2019-06\eclipse\\plugins/org.eclipse.equinox.launcher_1.5.400.v20190515-0925.jar -os win32 -ws win32 -arch x86_64 -showsplash -launcher C:\Users\14qkr\eclipse\jee-2019-06\eclipse\eclipse.exe -name Eclipse --launcher.library C:\Users\14qkr\.p2\pool\plugins\org.eclipse.equinox.launcher.win32.win32.x86_64_1.1.1000.v20190125-2016\eclipse_1801.dll -startup C:\Users\14qkr\eclipse\jee-2019-06\eclipse\\plugins/org.eclipse.equinox.launcher_1.5.400.v20190515-0925.jar --launcher.appendVmargs -exitdata 3ac0_128 -product org.eclipse.epp.package.jee.product -vmargs -javaagent:lombok.jar -vm C:\Program Files\Java\jdk1.8.0_211\bin\javaw.exe -vmargs -Dosgi.requiredJavaVersion=1.8 -Dosgi.instance.area.default=@user.home/eclipse-workspace -XX:+UseG1GC -XX:+UseStringDeduplication -Dosgi.requiredJavaVersion=1.8 -Dosgi.dataAreaRequiresExplicitInit=true -Xms256m -Xmx1024m -Declipse.p2.max.threads=10 -Doomph.update.url=http://download.eclipse.org/oomph/updates/milestone/latest -Doomph.redirection.index.redirection=index:/->http://git.eclipse.org/c/oomph/org.eclipse.oomph.git/plain/setups/ -javaagent:C:\Users\14qkr\eclipse\jee-2019-06\eclipse\lombok.jar -jar C:\Users\14qkr\eclipse\jee-2019-06\eclipse\\plugins/org.eclipse.equinox.launcher_1.5.400.v20190515-0925.jar
java_class_path (initial): C:\Users\14qkr\eclipse\jee-2019-06\eclipse\\plugins/org.eclipse.equinox.launcher_1.5.400.v20190515-0925.jar;C:\Users\14qkr\eclipse\jee-2019-06\eclipse\lombok.jar
Launcher Type: SUN_STANDARD

Environment Variables:
JAVA_HOME=C:\Program Files\Java\jdk1.8.0_211
PATH=C:\app\14qkr\product\11.2.0\dbhome_1\bin;.;C:\Program Files\Java\jdk1.8.0_211\bin;C:\Program Files (x86)\Common Files\Oracle\Java\javapath;C:\Program Files (x86)\Intel\iCLS Client\;C:\Program Files\Intel\iCLS Client\;C:\WINDOWS\system32;C:\WINDOWS;C:\WINDOWS\System32\Wbem;C:\WINDOWS\System32\WindowsPowerShell\v1.0\;C:\WINDOWS\System32\OpenSSH\;C:\Program Files (x86)\Intel\Intel(R) Management Engine Components\DAL;C:\Program Files\Intel\Intel(R) Management Engine Components\DAL;C:\Program Files (x86)\Intel\Intel(R) Management Engine Components\IPT;C:\Program Files\Intel\Intel(R) Management Engine Components\IPT;C:\Program Files\MySQL\MySQL Shell 8.0\bin\;C:\Users\14qkr\AppData\Local\Microsoft\WindowsApps;C:\Program Files\Bandizip\;;C:\Program Files (x86)\ESTsoft\ALSee\x64
USERNAME=14qkr
OS=Windows_NT
PROCESSOR_IDENTIFIER=Intel64 Family 6 Model 142 Stepping 10, GenuineIntel



---------------  S Y S T E M  ---------------

OS: Windows 10.0 , 64 bit Build 18362 (10.0.18362.329)

CPU:total 8 (initial active 8) (4 cores per cpu, 2 threads per core) family 6 model 142 stepping 10, cmov, cx8, fxsr, mmx, sse, sse2, sse3, ssse3, sse4.1, sse4.2, popcnt, avx, avx2, aes, clmul, erms, 3dnowpref, lzcnt, ht, tsc, tscinvbit, bmi1, bmi2, adx

Memory: 4k page, physical 8217940k(3869148k free), swap 23946580k(17585516k free)

vm_info: Java HotSpot(TM) 64-Bit Server VM (25.211-b12) for windows-amd64 JRE (1.8.0_211-b12), built on Apr  1 2019 20:53:26 by "java_re" with MS VC++ 10.0 (VS2010)

time: Fri Dec 13 23:02:08 2019
timezone:  
elapsed time: 950 seconds (0d 0h 15m 50s)

